0001_0021_0024_0039_0039.jpg 1 21 24 39 39
0002_0040_0024_0051_0051.jpg 1 40 24 51 51
0003_0049_0015_0039_0039.jpg 1 49 15 39 39
0004_0017_0018_0066_0066.jpg 1 17 18 66 66
0005_0064_0035_0024_0024.jpg 1 64 35 24 24
0006_0053_0050_0036_0036.jpg 1 53 50 36 36
0007_0036_0010_0056_0056.jpg 1 36 10 56 56
0008_0045_0016_0046_0046.jpg 1 45 16 46 46
0009_0010_0011_0053_0053.jpg 1 10 11 53 53
0010_0031_0034_0046_0046.jpg 1 31 34 46 46
0011_0020_0021_0062_0062.jpg 1 20 21 62 62
0012_0034_0012_0033_0033.jpg 1 34 12 33 33
0013_0043_0019_0048_0048.jpg 1 43 19 48 48
0014_0011_0026_0041_0041.jpg 1 11 26 41 41
0015_0031_0055_0034_0034.jpg 1 31 55 34 34
0016_0014_0057_0033_0033.jpg 1 14 57 33 33
0017_0012_0025_0060_0060.jpg 1 12 25 60 60
0018_0007_0014_0056_0056.jpg 1 7 14 56 56
0019_0010_0023_0055_0055.jpg 1 10 23 55 55
0020_0005_0041_0049_0049.jpg 1 5 41 49 49
0021_0020_0028_0055_0055.jpg 1 20 28 55 55
0022_0008_0028_0068_0068.jpg 1 8 28 68 68
0023_0033_0039_0027_0027.jpg 1 33 39 27 27
0024_0007_0015_0059_0059.jpg 1 7 15 59 59
0025_0045_0030_0049_0049.jpg 1 45 30 49 49
0026_0021_0030_0058_0058.jpg 1 21 30 58 58
0027_0016_0020_0069_0069.jpg 1 16 20 69 69
0028_0046_0018_0041_0041.jpg 1 46 18 41 41
0029_0018_0036_0038_0038.jpg 1 18 36 38 38
0030_0013_0050_0034_0034.jpg 1 13 50 34 34
0031_0033_0031_0052_0052.jpg 1 33 31 52 52
0032_0020_0005_0044_0044.jpg 1 20 5 44 44
0033_0028_0034_0059_0059.jpg 1 28 34 59 59
0034_0016_0039_0053_0053.jpg 1 16 39 53 53
0035_0006_0026_0038_0038.jpg 1 6 26 38 38
0036_0045_0020_0042_0042.jpg 1 45 20 42 42
0037_0049_0023_0043_0043.jpg 1 49 23 43 43
0038_0028_0024_0065_0065.jpg 1 28 24 65 65
0039_0026_0035_0057_0057.jpg 1 26 35 57 57
0040_0025_0058_0035_0035.jpg 1 25 58 35 35
0041_0030_0026_0059_0059.jpg 1 30 26 59 59
0042_0033_0019_0044_0044.jpg 1 33 19 44 44
0043_0034_0042_0030_0030.jpg 1 34 42 30 30
0044_0011_0009_0064_0064.jpg 1 11 9 64 64
0045_0035_0006_0046_0046.jpg 1 35 6 46 46
0046_0038_0021_0041_0041.jpg 1 38 21 41 41
0047_0022_0012_0060_0060.jpg 1 22 12 60 60
0048_0023_0013_0061_0061.jpg 1 23 13 61 61
0049_0036_0051_0039_0039.jpg 1 36 51 39 39
0050_0039_0036_0055_0055.jpg 1 39 36 55 55
0051_0055_0023_0034_0034.jpg 1 55 23 34 34
0052_0051_0012_0029_0029.jpg 1 51 12 29 29
0053_0008_0011_0054_0054.jpg 1 8 11 54 54
0054_0046_0053_0032_0032.jpg 1 46 53 32 32
0055_0008_0026_0064_0064.jpg 1 8 26 64 64
0056_0027_0023_0061_0061.jpg 1 27 23 61 61
0057_0003_0024_0069_0069.jpg 1 3 24 69 69
0058_0012_0027_0041_0041.jpg 1 12 27 41 41
0059_0019_0010_0067_0067.jpg 1 19 10 67 67
0060_0021_0016_0063_0063.jpg 1 21 16 63 63
0061_0011_0036_0044_0044.jpg 1 11 36 44 44
0062_0008_0028_0066_0066.jpg 1 8 28 66 66
0063_0022_0019_0067_0067.jpg 1 22 19 67 67
0064_0025_0044_0024_0024.jpg 1 25 44 24 24
0065_0031_0026_0039_0039.jpg 1 31 26 39 39
0066_0020_0015_0067_0067.jpg 1 20 15 67 67
0067_0030_0040_0029_0029.jpg 1 30 40 29 29
0068_0048_0052_0040_0040.jpg 1 48 52 40 40
0069_0009_0012_0037_0037.jpg 1 9 12 37 37
0070_0009_0007_0058_0058.jpg 1 9 7 58 58
0071_0017_0020_0066_0066.jpg 1 17 20 66 66
0072_0021_0031_0034_0034.jpg 1 21 31 34 34
0073_0025_0041_0050_0050.jpg 1 25 41 50 50
0074_0045_0052_0028_0028.jpg 1 45 52 28 28
0075_0008_0018_0053_0053.jpg 1 8 18 53 53
0076_0046_0053_0028_0028.jpg 1 46 53 28 28
0077_0009_0024_0062_0062.jpg 1 9 24 62 62
0078_0023_0011_0053_0053.jpg 1 23 11 53 53
0079_0056_0022_0027_0027.jpg 1 56 22 27 27
0080_0023_0028_0052_0052.jpg 1 23 28 52 52
0081_0028_0048_0040_0040.jpg 1 28 48 40 40
0082_0046_0015_0038_0038.jpg 1 46 15 38 38
0083_0008_0021_0049_0049.jpg 1 8 21 49 49
0084_0040_0030_0029_0029.jpg 1 40 30 29 29
0085_0041_0010_0042_0042.jpg 1 41 10 42 42
0086_0047_0024_0046_0046.jpg 1 47 24 46 46
0087_0042_0031_0025_0025.jpg 1 42 31 25 25
0088_0010_0026_0029_0029.jpg 1 10 26 29 29
0089_0046_0013_0040_0040.jpg 1 46 13 40 40
0090_0053_0041_0035_0035.jpg 1 53 41 35 35
0091_0060_0057_0030_0030.jpg 1 60 57 30 30
0092_0025_0010_0026_0026.jpg 1 25 10 26 26
0093_0015_0008_0056_0056.jpg 1 15 8 56 56
0094_0012_0032_0057_0057.jpg 1 12 32 57 57
0095_0009_0049_0033_0033.jpg 1 9 49 33 33
0096_0013_0025_0043_0043.jpg 1 13 25 43 43
0097_0028_0020_0048_0048.jpg 1 28 20 48 48
0098_0033_0026_0061_0061.jpg 1 33 26 61 61
0099_0025_0043_0045_0045.jpg 1 25 43 45 45
0100_0023_0025_0065_0065.jpg 1 23 25 65 65
0101_0028_0011_0032_0032.jpg 1 28 11 32 32
0102_0016_0023_0040_0040.jpg 1 16 23 40 40
0103_0031_0009_0040_0040.jpg 1 31 9 40 40
0104_0036_0050_0039_0039.jpg 1 36 50 39 39
0105_0047_0034_0043_0043.jpg 1 47 34 43 43
0106_0031_0030_0062_0062.jpg 1 31 30 62 62
0107_0041_0048_0041_0041.jpg 1 41 48 41 41
0108_0033_0008_0058_0058.jpg 1 33 8 58 58
0109_0013_0011_0062_0062.jpg 1 13 11 62 62
0110_0013_0044_0036_0036.jpg 1 13 44 36 36
0111_0023_0014_0067_0067.jpg 1 23 14 67 67
0112_0009_0016_0057_0057.jpg 1 9 16 57 57
0113_0043_0029_0032_0032.jpg 1 43 29 32 32
0114_0014_0044_0049_0049.jpg 1 14 44 49 49
0115_0011_0035_0053_0053.jpg 1 11 35 53 53
0116_0018_0015_0068_0068.jpg 1 18 15 68 68
0117_0037_0022_0051_0051.jpg 1 37 22 51 51
0118_0008_0044_0044_0044.jpg 1 8 44 44 44
0119_0035_0042_0028_0028.jpg 1 35 42 28 28
0120_0016_0022_0056_0056.jpg 1 16 22 56 56
0121_0008_0033_0055_0055.jpg 1 8 33 55 55
0122_0012_0006_0053_0053.jpg 1 12 6 53 53
0123_0024_0015_0067_0067.jpg 1 24 15 67 67
0124_0012_0021_0065_0065.jpg 1 12 21 65 65
0125_0010_0029_0056_0056.jpg 1 10 29 56 56
0126_0022_0027_0057_0057.jpg 1 22 27 57 57
0127_0035_0027_0059_0059.jpg 1 35 27 59 59
0128_0028_0013_0065_0065.jpg 1 28 13 65 65
0129_0005_0023_0057_0057.jpg 1 5 23 57 57
0130_0018_0012_0066_0066.jpg 1 18 12 66 66
0131_0007_0055_0038_0038.jpg 1 7 55 38 38
0132_0031_0007_0063_0063.jpg 1 31 7 63 63
0133_0022_0028_0051_0051.jpg 1 22 28 51 51
0134_0032_0022_0064_0064.jpg 1 32 22 64 64
0135_0004_0011_0054_0054.jpg 1 4 11 54 54
0136_0019_0025_0053_0053.jpg 1 19 25 53 53
0137_0045_0028_0046_0046.jpg 1 45 28 46 46
0138_0057_0023_0026_0026.jpg 1 57 23 26 26
0139_0023_0026_0044_0044.jpg 1 23 26 44 44
0140_0030_0040_0052_0052.jpg 1 30 40 52 52
0141_0027_0021_0058_0058.jpg 1 27 21 58 58
0142_0006_0028_0049_0049.jpg 1 6 28 49 49
0143_0017_0020_0058_0058.jpg 1 17 20 58 58
0144_0021_0010_0063_0063.jpg 1 21 10 63 63
0145_0020_0003_0065_0065.jpg 1 20 3 65 65
0146_0053_0034_0024_0024.jpg 1 53 34 24 24
0147_0046_0058_0027_0027.jpg 1 46 58 27 27
0148_0052_0029_0026_0026.jpg 1 52 29 26 26
0149_0007_0016_0056_0056.jpg 1 7 16 56 56
0150_0029_0048_0045_0045.jpg 1 29 48 45 45
0151_0051_0042_0037_0037.jpg 1 51 42 37 37
0152_0008_0012_0054_0054.jpg 1 8 12 54 54
0153_0007_0038_0039_0039.jpg 1 7 38 39 39
0154_0035_0024_0057_0057.jpg 1 35 24 57 57
0155_0059_0055_0024_0024.jpg 1 59 55 24 24
0156_0025_0040_0044_0044.jpg 1 25 40 44 44
0157_0038_0038_0054_0054.jpg 1 38 38 54 54
0158_0024_0042_0050_0050.jpg 1 24 42 50 50
0159_0041_0052_0024_0024.jpg 1 41 52 24 24
0160_0025_0005_0049_0049.jpg 1 25 5 49 49
0161_0004_0025_0061_0061.jpg 1 4 25 61 61
0162_0014_0046_0024_0024.jpg 1 14 46 24 24
0163_0044_0030_0048_0048.jpg 1 44 30 48 48
0164_0027_0006_0053_0053.jpg 1 27 6 53 53
0165_0030_0008_0047_0047.jpg 1 30 8 47 47
0166_0013_0034_0055_0055.jpg 1 13 34 55 55
0167_0025_0040_0025_0025.jpg 1 25 40 25 25
0168_0037_0035_0033_0033.jpg 1 37 35 33 33
0169_0043_0017_0030_0030.jpg 1 43 17 30 30
0170_0017_0038_0045_0045.jpg 1 17 38 45 45
0171_0031_0018_0035_0035.jpg 1 31 18 35 35
0172_0013_0028_0066_0066.jpg 1 13 28 66 66
0173_0032_0033_0057_0057.jpg 1 32 33 57 57
0174_0028_0014_0051_0051.jpg 1 28 14 51 51
0175_0043_0014_0025_0025.jpg 1 43 14 25 25
0176_0044_0016_0043_0043.jpg 1 44 16 43 43
0177_0025_0029_0059_0059.jpg 1 25 29 59 59
0178_0049_0019_0042_0042.jpg 1 49 19 42 42
0179_0030_0019_0031_0031.jpg 1 30 19 31 31
0180_0049_0010_0040_0040.jpg 1 49 10 40 40
0181_0033_0038_0054_0054.jpg 1 33 38 54 54
0182_0009_0042_0025_0025.jpg 1 9 42 25 25
0183_0020_0033_0049_0049.jpg 1 20 33 49 49
0184_0015_0011_0069_0069.jpg 1 15 11 69 69
0185_0024_0021_0058_0058.jpg 1 24 21 58 58
0186_0044_0007_0030_0030.jpg 1 44 7 30 30
0187_0027_0040_0047_0047.jpg 1 27 40 47 47
0188_0018_0013_0058_0058.jpg 1 18 13 58 58
0189_0028_0013_0049_0049.jpg 1 28 13 49 49
0190_0015_0051_0024_0024.jpg 1 15 51 24 24
0191_0012_0052_0029_0029.jpg 1 12 52 29 29
0192_0013_0010_0065_0065.jpg 1 13 10 65 65
0193_0024_0039_0032_0032.jpg 1 24 39 32 32
0194_0056_0059_0024_0024.jpg 1 56 59 24 24
0195_0008_0044_0050_0050.jpg 1 8 44 50 50
0196_0049_0024_0033_0033.jpg 1 49 24 33 33
0197_0020_0017_0049_0049.jpg 1 20 17 49 49
0198_0021_0017_0056_0056.jpg 1 21 17 56 56
0199_0046_0054_0036_0036.jpg 1 46 54 36 36
0200_0031_0029_0041_0041.jpg 1 31 29 41 41
0201_0009_0006_0067_0067.jpg 1 9 6 67 67
0202_0040_0008_0028_0028.jpg 1 40 8 28 28
0203_0049_0036_0044_0044.jpg 1 49 36 44 44
0204_0019_0033_0055_0055.jpg 1 19 33 55 55
0205_0013_0028_0064_0064.jpg 1 13 28 64 64
0206_0027_0039_0035_0035.jpg 1 27 39 35 35
0207_0019_0012_0039_0039.jpg 1 19 12 39 39
0208_0012_0006_0066_0066.jpg 1 12 6 66 66
0209_0013_0036_0054_0054.jpg 1 13 36 54 54
0210_0013_0042_0052_0052.jpg 1 13 42 52 52
0211_0048_0051_0032_0032.jpg 1 48 51 32 32
0212_0030_0039_0033_0033.jpg 1 30 39 33 33
0213_0019_0023_0057_0057.jpg 1 19 23 57 57
0214_0042_0023_0031_0031.jpg 1 42 23 31 31
0215_0025_0008_0066_0066.jpg 1 25 8 66 66
0216_0019_0008_0063_0063.jpg 1 19 8 63 63
0217_0012_0047_0044_0044.jpg 1 12 47 44 44
0218_0057_0014_0032_0032.jpg 1 57 14 32 32
0219_0036_0015_0058_0058.jpg 1 36 15 58 58
0220_0054_0057_0035_0035.jpg 1 54 57 35 35
0221_0050_0027_0044_0044.jpg 1 50 27 44 44
0222_0051_0009_0026_0026.jpg 1 51 9 26 26
0223_0011_0027_0043_0043.jpg 1 11 27 43 43
0224_0010_0037_0032_0032.jpg 1 10 37 32 32
0225_0034_0028_0044_0044.jpg 1 34 28 44 44
0226_0050_0043_0027_0027.jpg 1 50 43 27 27
0227_0054_0047_0029_0029.jpg 1 54 47 29 29
0228_0020_0053_0039_0039.jpg 1 20 53 39 39
0229_0030_0042_0050_0050.jpg 1 30 42 50 50
0230_0044_0027_0036_0036.jpg 1 44 27 36 36
0231_0015_0043_0044_0044.jpg 1 15 43 44 44
0232_0020_0028_0059_0059.jpg 1 20 28 59 59
0233_0040_0012_0032_0032.jpg 1 40 12 32 32
0234_0011_0006_0069_0069.jpg 1 11 6 69 69
0235_0036_0019_0050_0050.jpg 1 36 19 50 50
0236_0023_0044_0042_0042.jpg 1 23 44 42 42
0237_0022_0035_0037_0037.jpg 1 22 35 37 37
0238_0012_0065_0025_0025.jpg 1 12 65 25 25
0239_0028_0043_0047_0047.jpg 1 28 43 47 47
0240_0012_0021_0064_0064.jpg 1 12 21 64 64
0241_0010_0038_0053_0053.jpg 1 10 38 53 53
0242_0016_0037_0039_0039.jpg 1 16 37 39 39
0243_0047_0059_0032_0032.jpg 1 47 59 32 32
0244_0042_0065_0024_0024.jpg 1 42 65 24 24
0245_0004_0006_0064_0064.jpg 1 4 6 64 64
0246_0016_0032_0054_0054.jpg 1 16 32 54 54
0247_0040_0052_0026_0026.jpg 1 40 52 26 26
0248_0015_0029_0037_0037.jpg 1 15 29 37 37
0249_0021_0016_0051_0051.jpg 1 21 16 51 51
0250_0012_0014_0059_0059.jpg 1 12 14 59 59
0251_0043_0018_0049_0049.jpg 1 43 18 49 49
0252_0023_0005_0065_0065.jpg 1 23 5 65 65
0253_0007_0009_0042_0042.jpg 1 7 9 42 42
0254_0028_0062_0030_0030.jpg 1 28 62 30 30
0255_0037_0020_0055_0055.jpg 1 37 20 55 55
0256_0019_0004_0061_0061.jpg 1 19 4 61 61
0257_0007_0021_0054_0054.jpg 1 7 21 54 54
0258_0014_0025_0047_0047.jpg 1 14 25 47 47
0259_0064_0031_0028_0028.jpg 1 64 31 28 28
0260_0014_0019_0049_0049.jpg 1 14 19 49 49
0261_0048_0053_0040_0040.jpg 1 48 53 40 40
0262_0039_0064_0026_0026.jpg 1 39 64 26 26
0263_0011_0030_0060_0060.jpg 1 11 30 60 60
0264_0034_0029_0045_0045.jpg 1 34 29 45 45
0265_0024_0009_0054_0054.jpg 1 24 9 54 54
0266_0061_0035_0030_0030.jpg 1 61 35 30 30
0267_0015_0029_0062_0062.jpg 1 15 29 62 62
0268_0016_0013_0045_0045.jpg 1 16 13 45 45
0269_0052_0029_0027_0027.jpg 1 52 29 27 27
0270_0045_0027_0045_0045.jpg 1 45 27 45 45
0271_0056_0008_0027_0027.jpg 1 56 8 27 27
0272_0031_0013_0050_0050.jpg 1 31 13 50 50
0273_0010_0027_0059_0059.jpg 1 10 27 59 59
0274_0029_0016_0063_0063.jpg 1 29 16 63 63
0275_0013_0012_0040_0040.jpg 1 13 12 40 40
0276_0049_0049_0041_0041.jpg 1 49 49 41 41
0277_0014_0010_0062_0062.jpg 1 14 10 62 62
0278_0026_0028_0060_0060.jpg 1 26 28 60 60
0279_0029_0019_0065_0065.jpg 1 29 19 65 65
0280_0048_0045_0045_0045.jpg 1 48 45 45 45
0281_0018_0056_0034_0034.jpg 1 18 56 34 34
0282_0039_0029_0046_0046.jpg 1 39 29 46 46
0283_0017_0020_0056_0056.jpg 1 17 20 56 56
0284_0006_0022_0069_0069.jpg 1 6 22 69 69
0285_0019_0030_0064_0064.jpg 1 19 30 64 64
0286_0032_0012_0054_0054.jpg 1 32 12 54 54
0287_0021_0027_0042_0042.jpg 1 21 27 42 42
0288_0012_0037_0043_0043.jpg 1 12 37 43 43
0289_0025_0006_0038_0038.jpg 1 25 6 38 38
0290_0025_0006_0056_0056.jpg 1 25 6 56 56
0291_0011_0022_0043_0043.jpg 1 11 22 43 43
0292_0034_0033_0060_0060.jpg 1 34 33 60 60
0293_0019_0038_0046_0046.jpg 1 19 38 46 46
0294_0022_0035_0056_0056.jpg 1 22 35 56 56
0295_0034_0014_0038_0038.jpg 1 34 14 38 38
0296_0034_0042_0052_0052.jpg 1 34 42 52 52
0297_0032_0064_0024_0024.jpg 1 32 64 24 24
0298_0050_0016_0034_0034.jpg 1 50 16 34 34
0299_0043_0021_0046_0046.jpg 1 43 21 46 46
0300_0008_0010_0066_0066.jpg 1 8 10 66 66
0301_0015_0021_0062_0062.jpg 1 15 21 62 62
0302_0010_0003_0063_0063.jpg 1 10 3 63 63
0303_0028_0019_0066_0066.jpg 1 28 19 66 66
0304_0008_0036_0046_0046.jpg 1 8 36 46 46
0305_0019_0013_0062_0062.jpg 1 19 13 62 62
0306_0044_0036_0025_0025.jpg 1 44 36 25 25
0307_0034_0010_0058_0058.jpg 1 34 10 58 58
0308_0014_0007_0053_0053.jpg 1 14 7 53 53
0309_0024_0024_0063_0063.jpg 1 24 24 63 63
0310_0043_0011_0029_0029.jpg 1 43 11 29 29
0311_0016_0008_0027_0027.jpg 1 16 8 27 27
0312_0018_0032_0060_0060.jpg 1 18 32 60 60
0313_0008_0012_0049_0049.jpg 1 8 12 49 49
0314_0014_0013_0058_0058.jpg 1 14 13 58 58
0315_0013_0008_0068_0068.jpg 1 13 8 68 68
0316_0015_0024_0053_0053.jpg 1 15 24 53 53
0317_0010_0012_0066_0066.jpg 1 10 12 66 66
0318_0020_0015_0062_0062.jpg 1 20 15 62 62
0319_0011_0011_0062_0062.jpg 1 11 11 62 62
0320_0022_0031_0065_0065.jpg 1 22 31 65 65
0321_0008_0004_0062_0062.jpg 1 8 4 62 62
0322_0022_0009_0062_0062.jpg 1 22 9 62 62
0323_0030_0025_0033_0033.jpg 1 30 25 33 33
0324_0026_0051_0029_0029.jpg 1 26 51 29 29
0325_0039_0037_0025_0025.jpg 1 39 37 25 25
0326_0008_0023_0063_0063.jpg 1 8 23 63 63
0327_0041_0023_0051_0051.jpg 1 41 23 51 51
0328_0027_0013_0053_0053.jpg 1 27 13 53 53
0329_0033_0032_0027_0027.jpg 1 33 32 27 27
0330_0046_0043_0038_0038.jpg 1 46 43 38 38
0331_0029_0028_0053_0053.jpg 1 29 28 53 53
0332_0039_0044_0029_0029.jpg 1 39 44 29 29
0333_0016_0015_0066_0066.jpg 1 16 15 66 66
0334_0007_0005_0053_0053.jpg 1 7 5 53 53
0335_0010_0058_0025_0025.jpg 1 10 58 25 25
0336_0014_0011_0069_0069.jpg 1 14 11 69 69
0337_0028_0010_0056_0056.jpg 1 28 10 56 56
0338_0026_0025_0047_0047.jpg 1 26 25 47 47
0339_0021_0010_0056_0056.jpg 1 21 10 56 56
0340_0046_0011_0045_0045.jpg 1 46 11 45 45
0341_0019_0043_0048_0048.jpg 1 19 43 48 48
0342_0019_0007_0048_0048.jpg 1 19 7 48 48
0343_0027_0022_0068_0068.jpg 1 27 22 68 68
0344_0024_0057_0035_0035.jpg 1 24 57 35 35
0345_0037_0043_0048_0048.jpg 1 37 43 48 48
0346_0016_0011_0063_0063.jpg 1 16 11 63 63
0347_0039_0040_0052_0052.jpg 1 39 40 52 52
0348_0047_0025_0039_0039.jpg 1 47 25 39 39
0349_0034_0024_0056_0056.jpg 1 34 24 56 56
0350_0042_0010_0038_0038.jpg 1 42 10 38 38
0351_0055_0023_0028_0028.jpg 1 55 23 28 28
0352_0008_0020_0052_0052.jpg 1 8 20 52 52
0353_0035_0010_0058_0058.jpg 1 35 10 58 58
0354_0016_0032_0063_0063.jpg 1 16 32 63 63
0355_0020_0018_0047_0047.jpg 1 20 18 47 47
0356_0054_0056_0036_0036.jpg 1 54 56 36 36
0357_0008_0023_0032_0032.jpg 1 8 23 32 32
0358_0037_0051_0031_0031.jpg 1 37 51 31 31
0359_0014_0030_0035_0035.jpg 1 14 30 35 35
0360_0040_0041_0024_0024.jpg 1 40 41 24 24
0361_0034_0033_0044_0044.jpg 1 34 33 44 44
0362_0004_0013_0062_0062.jpg 1 4 13 62 62
0363_0053_0064_0028_0028.jpg 1 53 64 28 28
0364_0034_0029_0040_0040.jpg 1 34 29 40 40
0365_0028_0016_0060_0060.jpg 1 28 16 60 60
0366_0022_0006_0055_0055.jpg 1 22 6 55 55
0367_0009_0049_0028_0028.jpg 1 9 49 28 28
0368_0032_0029_0051_0051.jpg 1 32 29 51 51
0369_0046_0013_0026_0026.jpg 1 46 13 26 26
0370_0017_0005_0055_0055.jpg 1 17 5 55 55
0371_0033_0014_0057_0057.jpg 1 33 14 57 57
0372_0049_0024_0025_0025.jpg 1 49 24 25 25
0373_0021_0031_0044_0044.jpg 1 21 31 44 44
0374_0014_0008_0039_0039.jpg 1 14 8 39 39
0375_0047_0012_0027_0027.jpg 1 47 12 27 27
0376_0006_0017_0055_0055.jpg 1 6 17 55 55
0377_0020_0032_0027_0027.jpg 1 20 32 27 27
0378_0013_0004_0068_0068.jpg 1 13 4 68 68
0379_0036_0027_0043_0043.jpg 1 36 27 43 43
0380_0059_0038_0029_0029.jpg 1 59 38 29 29
0381_0029_0018_0062_0062.jpg 1 29 18 62 62
0382_0013_0028_0059_0059.jpg 1 13 28 59 59
0383_0017_0039_0052_0052.jpg 1 17 39 52 52
0384_0009_0017_0025_0025.jpg 1 9 17 25 25
0385_0019_0019_0035_0035.jpg 1 19 19 35 35
0386_0016_0037_0030_0030.jpg 1 16 37 30 30
0387_0007_0024_0051_0051.jpg 1 7 24 51 51
0388_0037_0036_0053_0053.jpg 1 37 36 53 53
0389_0005_0011_0063_0063.jpg 1 5 11 63 63
0390_0064_0034_0024_0024.jpg 1 64 34 24 24
0391_0009_0008_0037_0037.jpg 1 9 8 37 37
0392_0011_0014_0027_0027.jpg 1 11 14 27 27
0393_0033_0054_0033_0033.jpg 1 33 54 33 33
0394_0014_0044_0047_0047.jpg 1 14 44 47 47
0395_0008_0032_0047_0047.jpg 1 8 32 47 47
0396_0027_0026_0064_0064.jpg 1 27 26 64 64
0397_0038_0054_0030_0030.jpg 1 38 54 30 30
0398_0060_0052_0027_0027.jpg 1 60 52 27 27
0399_0013_0038_0057_0057.jpg 1 13 38 57 57
0400_0017_0013_0032_0032.jpg 1 17 13 32 32
0401_0034_0021_0033_0033.jpg 1 34 21 33 33
0402_0058_0061_0029_0029.jpg 1 58 61 29 29
0403_0040_0037_0031_0031.jpg 1 40 37 31 31
0404_0053_0038_0028_0028.jpg 1 53 38 28 28
0405_0020_0003_0065_0065.jpg 1 20 3 65 65
0406_0063_0027_0028_0028.jpg 1 63 27 28 28
0407_0051_0028_0026_0026.jpg 1 51 28 26 26
0408_0046_0016_0027_0027.jpg 1 46 16 27 27
0409_0026_0030_0052_0052.jpg 1 26 30 52 52
0410_0016_0045_0025_0025.jpg 1 16 45 25 25
0411_0043_0034_0042_0042.jpg 1 43 34 42 42
0412_0006_0004_0062_0062.jpg 1 6 4 62 62
0413_0041_0016_0047_0047.jpg 1 41 16 47 47
0414_0049_0035_0045_0045.jpg 1 49 35 45 45
0415_0033_0018_0057_0057.jpg 1 33 18 57 57
0416_0037_0030_0048_0048.jpg 1 37 30 48 48
0417_0039_0036_0046_0046.jpg 1 39 36 46 46
0418_0008_0019_0059_0059.jpg 1 8 19 59 59
0419_0016_0007_0036_0036.jpg 1 16 7 36 36
0420_0029_0031_0064_0064.jpg 1 29 31 64 64
0421_0007_0028_0050_0050.jpg 1 7 28 50 50
0422_0012_0055_0031_0031.jpg 1 12 55 31 31
0423_0014_0021_0033_0033.jpg 1 14 21 33 33
0424_0036_0005_0059_0059.jpg 1 36 5 59 59
0425_0023_0006_0048_0048.jpg 1 23 6 48 48
0426_0010_0026_0061_0061.jpg 1 10 26 61 61
0427_0039_0019_0039_0039.jpg 1 39 19 39 39
0428_0027_0027_0031_0031.jpg 1 27 27 31 31
0429_0008_0007_0069_0069.jpg 1 8 7 69 69
0430_0024_0007_0066_0066.jpg 1 24 7 66 66
0431_0020_0013_0044_0044.jpg 1 20 13 44 44
0432_0016_0027_0062_0062.jpg 1 16 27 62 62
0433_0006_0017_0069_0069.jpg 1 6 17 69 69
0434_0026_0017_0045_0045.jpg 1 26 17 45 45
0435_0011_0025_0042_0042.jpg 1 11 25 42 42
0436_0020_0020_0068_0068.jpg 1 20 20 68 68
0437_0044_0031_0043_0043.jpg 1 44 31 43 43
0438_0014_0036_0053_0053.jpg 1 14 36 53 53
0439_0009_0047_0025_0025.jpg 1 9 47 25 25
0440_0025_0019_0067_0067.jpg 1 25 19 67 67
0441_0043_0012_0046_0046.jpg 1 43 12 46 46
0442_0039_0049_0033_0033.jpg 1 39 49 33 33
0443_0057_0051_0032_0032.jpg 1 57 51 32 32
0444_0029_0031_0054_0054.jpg 1 29 31 54 54
0445_0019_0029_0030_0030.jpg 1 19 29 30 30
0446_0034_0025_0058_0058.jpg 1 34 25 58 58
0447_0043_0025_0043_0043.jpg 1 43 25 43 43
0448_0013_0033_0057_0057.jpg 1 13 33 57 57
0449_0063_0029_0024_0024.jpg 1 63 29 24 24
0450_0010_0011_0060_0060.jpg 1 10 11 60 60
0451_0058_0061_0029_0029.jpg 1 58 61 29 29
0452_0023_0010_0037_0037.jpg 1 23 10 37 37
0453_0020_0037_0048_0048.jpg 1 20 37 48 48
0454_0018_0018_0040_0040.jpg 1 18 18 40 40
0455_0007_0010_0030_0030.jpg 1 7 10 30 30
0456_0056_0046_0032_0032.jpg 1 56 46 32 32
0457_0009_0025_0041_0041.jpg 1 9 25 41 41
0458_0006_0027_0041_0041.jpg 1 6 27 41 41
0459_0025_0016_0062_0062.jpg 1 25 16 62 62
0460_0036_0014_0030_0030.jpg 1 36 14 30 30
0461_0052_0021_0025_0025.jpg 1 52 21 25 25
0462_0047_0023_0037_0037.jpg 1 47 23 37 37
0463_0028_0017_0038_0038.jpg 1 28 17 38 38
0464_0003_0009_0069_0069.jpg 1 3 9 69 69
0465_0028_0058_0025_0025.jpg 1 28 58 25 25
0466_0020_0038_0050_0050.jpg 1 20 38 50 50
0467_0010_0024_0057_0057.jpg 1 10 24 57 57
0468_0050_0050_0040_0040.jpg 1 50 50 40 40
0469_0009_0036_0059_0059.jpg 1 9 36 59 59
0470_0026_0025_0051_0051.jpg 1 26 25 51 51
0471_0036_0023_0042_0042.jpg 1 36 23 42 42
0472_0029_0051_0041_0041.jpg 1 29 51 41 41
0473_0048_0038_0038_0038.jpg 1 48 38 38 38
0474_0045_0024_0036_0036.jpg 1 45 24 36 36
0475_0031_0036_0041_0041.jpg 1 31 36 41 41
0476_0018_0018_0065_0065.jpg 1 18 18 65 65
0477_0041_0015_0047_0047.jpg 1 41 15 47 47
0478_0008_0012_0060_0060.jpg 1 8 12 60 60
0479_0014_0029_0049_0049.jpg 1 14 29 49 49
0480_0009_0030_0052_0052.jpg 1 9 30 52 52
0481_0015_0031_0062_0062.jpg 1 15 31 62 62
0482_0057_0054_0029_0029.jpg 1 57 54 29 29
0483_0013_0018_0034_0034.jpg 1 13 18 34 34
0484_0027_0025_0051_0051.jpg 1 27 25 51 51
0485_0011_0020_0030_0030.jpg 1 11 20 30 30
0486_0008_0027_0068_0068.jpg 1 8 27 68 68
0487_0018_0036_0059_0059.jpg 1 18 36 59 59
0488_0016_0015_0031_0031.jpg 1 16 15 31 31
0489_0016_0025_0059_0059.jpg 1 16 25 59 59
0490_0006_0023_0050_0050.jpg 1 6 23 50 50
0491_0019_0036_0048_0048.jpg 1 19 36 48 48
0492_0004_0003_0066_0066.jpg 1 4 3 66 66
0493_0020_0021_0026_0026.jpg 1 20 21 26 26
0494_0015_0031_0064_0064.jpg 1 15 31 64 64
0495_0036_0023_0050_0050.jpg 1 36 23 50 50
0496_0038_0024_0056_0056.jpg 1 38 24 56 56
0497_0051_0051_0038_0038.jpg 1 51 51 38 38
0498_0015_0015_0042_0042.jpg 1 15 15 42 42
0499_0041_0021_0045_0045.jpg 1 41 21 45 45
0500_0021_0028_0048_0048.jpg 1 21 28 48 48
0501_0010_0014_0033_0033.jpg 1 10 14 33 33
0502_0061_0057_0025_0025.jpg 1 61 57 25 25
0503_0007_0027_0030_0030.jpg 1 7 27 30 30
0504_0028_0016_0067_0067.jpg 1 28 16 67 67
0505_0018_0024_0053_0053.jpg 1 18 24 53 53
0506_0004_0034_0056_0056.jpg 1 4 34 56 56
0507_0025_0020_0068_0068.jpg 1 25 20 68 68
0508_0016_0032_0055_0055.jpg 1 16 32 55 55
0509_0030_0008_0049_0049.jpg 1 30 8 49 49
0510_0044_0006_0036_0036.jpg 1 44 6 36 36
0511_0012_0055_0033_0033.jpg 1 12 55 33 33
0512_0021_0018_0062_0062.jpg 1 21 18 62 62
0513_0028_0036_0031_0031.jpg 1 28 36 31 31
0514_0006_0029_0040_0040.jpg 1 6 29 40 40
0515_0027_0032_0028_0028.jpg 1 27 32 28 28
0516_0008_0014_0063_0063.jpg 1 8 14 63 63
0517_0026_0017_0055_0055.jpg 1 26 17 55 55
0518_0043_0064_0026_0026.jpg 1 43 64 26 26
0519_0014_0030_0059_0059.jpg 1 14 30 59 59
0520_0016_0006_0058_0058.jpg 1 16 6 58 58
0521_0049_0024_0042_0042.jpg 1 49 24 42 42
0522_0043_0021_0046_0046.jpg 1 43 21 46 46
0523_0035_0011_0055_0055.jpg 1 35 11 55 55
0524_0014_0024_0049_0049.jpg 1 14 24 49 49
0525_0019_0017_0029_0029.jpg 1 19 17 29 29
0526_0024_0021_0027_0027.jpg 1 24 21 27 27
0527_0028_0012_0058_0058.jpg 1 28 12 58 58
0528_0011_0029_0061_0061.jpg 1 11 29 61 61
0529_0033_0031_0060_0060.jpg 1 33 31 60 60
0530_0067_0009_0025_0025.jpg 1 67 9 25 25
0531_0024_0015_0037_0037.jpg 1 24 15 37 37
0532_0012_0012_0042_0042.jpg 1 12 12 42 42
0533_0019_0019_0032_0032.jpg 1 19 19 32 32
0534_0034_0007_0053_0053.jpg 1 34 7 53 53
0535_0012_0013_0068_0068.jpg 1 12 13 68 68
0536_0008_0009_0036_0036.jpg 1 8 9 36 36
0537_0018_0027_0062_0062.jpg 1 18 27 62 62
0538_0060_0018_0026_0026.jpg 1 60 18 26 26
0539_0039_0014_0050_0050.jpg 1 39 14 50 50
0540_0021_0051_0041_0041.jpg 1 21 51 41 41
0541_0032_0031_0058_0058.jpg 1 32 31 58 58
0542_0015_0004_0069_0069.jpg 1 15 4 69 69
0543_0013_0007_0053_0053.jpg 1 13 7 53 53
0544_0012_0010_0048_0048.jpg 1 12 10 48 48
0545_0046_0010_0046_0046.jpg 1 46 10 46 46
0546_0023_0014_0058_0058.jpg 1 23 14 58 58
0547_0038_0009_0052_0052.jpg 1 38 9 52 52
0548_0035_0050_0034_0034.jpg 1 35 50 34 34
0549_0026_0007_0057_0057.jpg 1 26 7 57 57
0550_0043_0005_0051_0051.jpg 1 43 5 51 51
0551_0022_0039_0054_0054.jpg 1 22 39 54 54
0552_0030_0022_0047_0047.jpg 1 30 22 47 47
0553_0016_0021_0069_0069.jpg 1 16 21 69 69
0554_0024_0035_0042_0042.jpg 1 24 35 42 42
0555_0012_0032_0045_0045.jpg 1 12 32 45 45
0556_0021_0016_0057_0057.jpg 1 21 16 57 57
0557_0005_0046_0047_0047.jpg 1 5 46 47 47
0558_0030_0036_0055_0055.jpg 1 30 36 55 55
0559_0051_0011_0030_0030.jpg 1 51 11 30 30
0560_0049_0009_0045_0045.jpg 1 49 9 45 45
0561_0052_0035_0034_0034.jpg 1 52 35 34 34
0562_0027_0056_0031_0031.jpg 1 27 56 31 31
0563_0028_0033_0059_0059.jpg 1 28 33 59 59
0564_0028_0025_0048_0048.jpg 1 28 25 48 48
0565_0016_0007_0046_0046.jpg 1 16 7 46 46
0566_0025_0054_0030_0030.jpg 1 25 54 30 30
0567_0015_0005_0068_0068.jpg 1 15 5 68 68
0568_0051_0020_0027_0027.jpg 1 51 20 27 27
0569_0019_0013_0051_0051.jpg 1 19 13 51 51
0570_0025_0012_0062_0062.jpg 1 25 12 62 62
0571_0020_0004_0066_0066.jpg 1 20 4 66 66
0572_0025_0032_0054_0054.jpg 1 25 32 54 54
0573_0032_0052_0033_0033.jpg 1 32 52 33 33
0574_0007_0024_0062_0062.jpg 1 7 24 62 62
0575_0022_0040_0027_0027.jpg 1 22 40 27 27
0576_0019_0007_0049_0049.jpg 1 19 7 49 49
0577_0008_0010_0057_0057.jpg 1 8 10 57 57
0578_0010_0022_0065_0065.jpg 1 10 22 65 65
0579_0056_0041_0035_0035.jpg 1 56 41 35 35
0580_0010_0031_0053_0053.jpg 1 10 31 53 53
0581_0028_0005_0066_0066.jpg 1 28 5 66 66
0582_0016_0013_0065_0065.jpg 1 16 13 65 65
0583_0038_0027_0037_0037.jpg 1 38 27 37 37
0584_0011_0009_0039_0039.jpg 1 11 9 39 39
0585_0023_0020_0067_0067.jpg 1 23 20 67 67
0586_0022_0018_0057_0057.jpg 1 22 18 57 57
0587_0006_0022_0053_0053.jpg 1 6 22 53 53
0588_0026_0043_0051_0051.jpg 1 26 43 51 51
0589_0024_0016_0039_0039.jpg 1 24 16 39 39
0590_0034_0042_0025_0025.jpg 1 34 42 25 25
0591_0031_0040_0049_0049.jpg 1 31 40 49 49
0592_0040_0042_0048_0048.jpg 1 40 42 48 48
0593_0026_0019_0033_0033.jpg 1 26 19 33 33
0594_0012_0040_0042_0042.jpg 1 12 40 42 42
0595_0022_0009_0069_0069.jpg 1 22 9 69 69
0596_0047_0049_0043_0043.jpg 1 47 49 43 43
0597_0057_0014_0029_0029.jpg 1 57 14 29 29
0598_0019_0031_0047_0047.jpg 1 19 31 47 47
0599_0009_0021_0053_0053.jpg 1 9 21 53 53
0600_0020_0006_0068_0068.jpg 1 20 6 68 68
0601_0023_0015_0066_0066.jpg 1 23 15 66 66
0602_0051_0029_0027_0027.jpg 1 51 29 27 27
0603_0014_0023_0045_0045.jpg 1 14 23 45 45
0604_0021_0006_0062_0062.jpg 1 21 6 62 62
0605_0031_0016_0041_0041.jpg 1 31 16 41 41
0606_0031_0033_0062_0062.jpg 1 31 33 62 62
0607_0054_0059_0028_0028.jpg 1 54 59 28 28
0608_0010_0046_0029_0029.jpg 1 10 46 29 29
0609_0029_0042_0040_0040.jpg 1 29 42 40 40
0610_0038_0027_0043_0043.jpg 1 38 27 43 43
0611_0027_0029_0061_0061.jpg 1 27 29 61 61
0612_0016_0011_0056_0056.jpg 1 16 11 56 56
0613_0024_0056_0027_0027.jpg 1 24 56 27 27
0614_0017_0039_0038_0038.jpg 1 17 39 38 38
0615_0040_0020_0035_0035.jpg 1 40 20 35 35
0616_0017_0046_0035_0035.jpg 1 17 46 35 35
0617_0028_0017_0066_0066.jpg 1 28 17 66 66
0618_0031_0027_0055_0055.jpg 1 31 27 55 55
0619_0025_0039_0042_0042.jpg 1 25 39 42 42
0620_0030_0025_0046_0046.jpg 1 30 25 46 46
0621_0006_0022_0068_0068.jpg 1 6 22 68 68
0622_0027_0031_0063_0063.jpg 1 27 31 63 63
0623_0045_0031_0033_0033.jpg 1 45 31 33 33
0624_0041_0016_0033_0033.jpg 1 41 16 33 33
0625_0004_0012_0060_0060.jpg 1 4 12 60 60
0626_0037_0012_0053_0053.jpg 1 37 12 53 53
0627_0014_0034_0057_0057.jpg 1 14 34 57 57
0628_0004_0029_0063_0063.jpg 1 4 29 63 63
0629_0057_0037_0029_0029.jpg 1 57 37 29 29
0630_0017_0033_0050_0050.jpg 1 17 33 50 50
0631_0033_0013_0029_0029.jpg 1 33 13 29 29
0632_0009_0028_0050_0050.jpg 1 9 28 50 50
0633_0045_0035_0038_0038.jpg 1 45 35 38 38
0634_0023_0030_0059_0059.jpg 1 23 30 59 59
0635_0010_0012_0065_0065.jpg 1 10 12 65 65
0636_0044_0021_0034_0034.jpg 1 44 21 34 34
0637_0050_0057_0030_0030.jpg 1 50 57 30 30
0638_0019_0027_0026_0026.jpg 1 19 27 26 26
0639_0028_0046_0030_0030.jpg 1 28 46 30 30
0640_0037_0046_0028_0028.jpg 1 37 46 28 28
0641_0007_0028_0028_0028.jpg 1 7 28 28 28
0642_0042_0042_0039_0039.jpg 1 42 42 39 39
0643_0027_0011_0045_0045.jpg 1 27 11 45 45
0644_0037_0031_0027_0027.jpg 1 37 31 27 27
0645_0019_0030_0066_0066.jpg 1 19 30 66 66
0646_0013_0045_0048_0048.jpg 1 13 45 48 48
0647_0021_0036_0046_0046.jpg 1 21 36 46 46
0648_0024_0018_0047_0047.jpg 1 24 18 47 47
0649_0032_0044_0049_0049.jpg 1 32 44 49 49
0650_0009_0021_0045_0045.jpg 1 9 21 45 45
0651_0020_0050_0028_0028.jpg 1 20 50 28 28
0652_0009_0014_0064_0064.jpg 1 9 14 64 64
0653_0033_0032_0035_0035.jpg 1 33 32 35 35
0654_0014_0007_0030_0030.jpg 1 14 7 30 30
0655_0050_0030_0042_0042.jpg 1 50 30 42 42
0656_0036_0030_0048_0048.jpg 1 36 30 48 48
0657_0047_0011_0024_0024.jpg 1 47 11 24 24
0658_0026_0044_0037_0037.jpg 1 26 44 37 37
0659_0048_0007_0032_0032.jpg 1 48 7 32 32
0660_0060_0039_0033_0033.jpg 1 60 39 33 33
0661_0021_0012_0043_0043.jpg 1 21 12 43 43
0662_0037_0031_0058_0058.jpg 1 37 31 58 58
0663_0014_0007_0063_0063.jpg 1 14 7 63 63
0664_0014_0035_0056_0056.jpg 1 14 35 56 56
0665_0026_0007_0066_0066.jpg 1 26 7 66 66
0666_0004_0014_0055_0055.jpg 1 4 14 55 55
0667_0018_0011_0032_0032.jpg 1 18 11 32 32
0668_0009_0021_0024_0024.jpg 1 9 21 24 24
0669_0054_0032_0028_0028.jpg 1 54 32 28 28
0670_0022_0013_0051_0051.jpg 1 22 13 51 51
0671_0054_0023_0037_0037.jpg 1 54 23 37 37
0672_0035_0042_0050_0050.jpg 1 35 42 50 50
0673_0023_0013_0045_0045.jpg 1 23 13 45 45
0674_0011_0046_0037_0037.jpg 1 11 46 37 37
0675_0005_0028_0064_0064.jpg 1 5 28 64 64
0676_0038_0018_0038_0038.jpg 1 38 18 38 38
0677_0035_0033_0059_0059.jpg 1 35 33 59 59
0678_0016_0011_0031_0031.jpg 1 16 11 31 31
0679_0022_0023_0068_0068.jpg 1 22 23 68 68
0680_0045_0006_0043_0043.jpg 1 45 6 43 43
0681_0048_0030_0041_0041.jpg 1 48 30 41 41
0682_0016_0015_0068_0068.jpg 1 16 15 68 68
0683_0023_0031_0060_0060.jpg 1 23 31 60 60
0684_0015_0005_0064_0064.jpg 1 15 5 64 64
0685_0044_0005_0049_0049.jpg 1 44 5 49 49
0686_0020_0046_0029_0029.jpg 1 20 46 29 29
0687_0022_0043_0047_0047.jpg 1 22 43 47 47
0688_0032_0019_0046_0046.jpg 1 32 19 46 46
0689_0016_0038_0056_0056.jpg 1 16 38 56 56
0690_0066_0062_0024_0024.jpg 1 66 62 24 24
0691_0057_0056_0031_0031.jpg 1 57 56 31 31
0692_0023_0023_0041_0041.jpg 1 23 23 41 41
0693_0015_0013_0061_0061.jpg 1 15 13 61 61
0694_0039_0043_0052_0052.jpg 1 39 43 52 52
0695_0016_0011_0064_0064.jpg 1 16 11 64 64
0696_0024_0025_0049_0049.jpg 1 24 25 49 49
0697_0033_0024_0025_0025.jpg 1 33 24 25 25
0698_0034_0030_0059_0059.jpg 1 34 30 59 59
0699_0008_0008_0047_0047.jpg 1 8 8 47 47
0700_0027_0014_0033_0033.jpg 1 27 14 33 33
0701_0033_0057_0028_0028.jpg 1 33 57 28 28
0702_0006_0025_0065_0065.jpg 1 6 25 65 65
0703_0017_0036_0031_0031.jpg 1 17 36 31 31
0704_0005_0015_0056_0056.jpg 1 5 15 56 56
0705_0051_0043_0040_0040.jpg 1 51 43 40 40
0706_0042_0016_0044_0044.jpg 1 42 16 44 44
0707_0015_0024_0043_0043.jpg 1 15 24 43 43
0708_0007_0029_0045_0045.jpg 1 7 29 45 45
0709_0041_0043_0037_0037.jpg 1 41 43 37 37
0710_0025_0027_0064_0064.jpg 1 25 27 64 64
0711_0014_0048_0037_0037.jpg 1 14 48 37 37
0712_0052_0033_0040_0040.jpg 1 52 33 40 40
0713_0015_0012_0064_0064.jpg 1 15 12 64 64
0714_0050_0031_0043_0043.jpg 1 50 31 43 43
0715_0050_0010_0034_0034.jpg 1 50 10 34 34
0716_0033_0058_0033_0033.jpg 1 33 58 33 33
0717_0030_0041_0036_0036.jpg 1 30 41 36 36
0718_0012_0009_0045_0045.jpg 1 12 9 45 45
0719_0008_0010_0043_0043.jpg 1 8 10 43 43
0720_0021_0015_0062_0062.jpg 1 21 15 62 62
0721_0041_0010_0042_0042.jpg 1 41 10 42 42
0722_0012_0037_0050_0050.jpg 1 12 37 50 50
0723_0014_0025_0042_0042.jpg 1 14 25 42 42
0724_0049_0018_0032_0032.jpg 1 49 18 32 32
0725_0033_0018_0050_0050.jpg 1 33 18 50 50
0726_0010_0017_0051_0051.jpg 1 10 17 51 51
0727_0050_0013_0035_0035.jpg 1 50 13 35 35
0728_0032_0051_0040_0040.jpg 1 32 51 40 40
0729_0028_0029_0064_0064.jpg 1 28 29 64 64
0730_0032_0022_0064_0064.jpg 1 32 22 64 64
0731_0034_0034_0045_0045.jpg 1 34 34 45 45
0732_0027_0026_0056_0056.jpg 1 27 26 56 56
0733_0014_0025_0067_0067.jpg 1 14 25 67 67
0734_0009_0019_0044_0044.jpg 1 9 19 44 44
0735_0025_0030_0051_0051.jpg 1 25 30 51 51
0736_0029_0007_0066_0066.jpg 1 29 7 66 66
0737_0037_0013_0045_0045.jpg 1 37 13 45 45
0738_0037_0010_0031_0031.jpg 1 37 10 31 31
0739_0041_0042_0041_0041.jpg 1 41 42 41 41
0740_0038_0007_0039_0039.jpg 1 38 7 39 39
0741_0033_0037_0050_0050.jpg 1 33 37 50 50
0742_0027_0021_0067_0067.jpg 1 27 21 67 67
0743_0036_0026_0059_0059.jpg 1 36 26 59 59
0744_0063_0029_0024_0024.jpg 1 63 29 24 24
0745_0043_0043_0026_0026.jpg 1 43 43 26 26
0746_0045_0040_0043_0043.jpg 1 45 40 43 43
0747_0042_0016_0028_0028.jpg 1 42 16 28 28
0748_0054_0037_0035_0035.jpg 1 54 37 35 35
0749_0022_0015_0028_0028.jpg 1 22 15 28 28
0750_0005_0042_0049_0049.jpg 1 5 42 49 49
0751_0032_0043_0044_0044.jpg 1 32 43 44 44
0752_0035_0011_0040_0040.jpg 1 35 11 40 40
0753_0031_0013_0054_0054.jpg 1 31 13 54 54
0754_0013_0007_0063_0063.jpg 1 13 7 63 63
0755_0021_0016_0047_0047.jpg 1 21 16 47 47
0756_0042_0041_0025_0025.jpg 1 42 41 25 25
0757_0019_0043_0046_0046.jpg 1 19 43 46 46
0758_0032_0014_0053_0053.jpg 1 32 14 53 53
0759_0038_0023_0051_0051.jpg 1 38 23 51 51
0760_0007_0014_0062_0062.jpg 1 7 14 62 62
0761_0012_0023_0061_0061.jpg 1 12 23 61 61
0762_0032_0015_0036_0036.jpg 1 32 15 36 36
0763_0018_0040_0054_0054.jpg 1 18 40 54 54
0764_0022_0030_0027_0027.jpg 1 22 30 27 27
0765_0023_0011_0051_0051.jpg 1 23 11 51 51
0766_0038_0008_0035_0035.jpg 1 38 8 35 35
0767_0003_0008_0064_0064.jpg 1 3 8 64 64
0768_0019_0020_0061_0061.jpg 1 19 20 61 61
0769_0009_0023_0062_0062.jpg 1 9 23 62 62
0770_0022_0043_0049_0049.jpg 1 22 43 49 49
0771_0024_0028_0059_0059.jpg 1 24 28 59 59
0772_0024_0057_0026_0026.jpg 1 24 57 26 26
0773_0064_0056_0026_0026.jpg 1 64 56 26 26
0774_0029_0022_0064_0064.jpg 1 29 22 64 64
0775_0023_0037_0031_0031.jpg 1 23 37 31 31
0776_0054_0048_0027_0027.jpg 1 54 48 27 27
0777_0043_0043_0039_0039.jpg 1 43 43 39 39
0778_0024_0006_0068_0068.jpg 1 24 6 68 68
0779_0023_0037_0029_0029.jpg 1 23 37 29 29
0780_0007_0035_0035_0035.jpg 1 7 35 35 35
0781_0046_0048_0031_0031.jpg 1 46 48 31 31
0782_0045_0015_0025_0025.jpg 1 45 15 25 25
0783_0032_0034_0046_0046.jpg 1 32 34 46 46
0784_0012_0039_0054_0054.jpg 1 12 39 54 54
0785_0035_0044_0048_0048.jpg 1 35 44 48 48
0786_0033_0048_0035_0035.jpg 1 33 48 35 35
0787_0015_0004_0067_0067.jpg 1 15 4 67 67
0788_0006_0014_0056_0056.jpg 1 6 14 56 56
0789_0035_0052_0041_0041.jpg 1 35 52 41 41
0790_0017_0016_0045_0045.jpg 1 17 16 45 45
0791_0030_0008_0061_0061.jpg 1 30 8 61 61
0792_0038_0041_0025_0025.jpg 1 38 41 25 25
0793_0046_0023_0038_0038.jpg 1 46 23 38 38
0794_0005_0028_0055_0055.jpg 1 5 28 55 55
0795_0023_0035_0034_0034.jpg 1 23 35 34 34
0796_0014_0029_0031_0031.jpg 1 14 29 31 31
0797_0033_0031_0054_0054.jpg 1 33 31 54 54
0798_0018_0041_0026_0026.jpg 1 18 41 26 26
0799_0020_0028_0067_0067.jpg 1 20 28 67 67
0800_0021_0020_0052_0052.jpg 1 21 20 52 52
0801_0033_0023_0052_0052.jpg 1 33 23 52 52
0802_0014_0012_0046_0046.jpg 1 14 12 46 46
0803_0029_0021_0044_0044.jpg 1 29 21 44 44
0804_0015_0022_0052_0052.jpg 1 15 22 52 52
0805_0015_0031_0064_0064.jpg 1 15 31 64 64
0806_0006_0005_0055_0055.jpg 1 6 5 55 55
0807_0040_0016_0055_0055.jpg 1 40 16 55 55
0808_0045_0018_0027_0027.jpg 1 45 18 27 27
0809_0026_0007_0056_0056.jpg 1 26 7 56 56
0810_0029_0032_0050_0050.jpg 1 29 32 50 50
0811_0034_0022_0032_0032.jpg 1 34 22 32 32
0812_0011_0015_0069_0069.jpg 1 11 15 69 69
0813_0022_0041_0038_0038.jpg 1 22 41 38 38
0814_0008_0027_0056_0056.jpg 1 8 27 56 56
0815_0044_0031_0049_0049.jpg 1 44 31 49 49
0816_0012_0017_0054_0054.jpg 1 12 17 54 54
0817_0023_0010_0060_0060.jpg 1 23 10 60 60
0818_0035_0032_0046_0046.jpg 1 35 32 46 46
0819_0040_0029_0038_0038.jpg 1 40 29 38 38
0820_0006_0007_0069_0069.jpg 1 6 7 69 69
0821_0024_0033_0061_0061.jpg 1 24 33 61 61
0822_0012_0017_0056_0056.jpg 1 12 17 56 56
0823_0008_0017_0062_0062.jpg 1 8 17 62 62
0824_0027_0033_0054_0054.jpg 1 27 33 54 54
0825_0055_0035_0038_0038.jpg 1 55 35 38 38
0826_0038_0015_0050_0050.jpg 1 38 15 50 50
0827_0028_0011_0054_0054.jpg 1 28 11 54 54
0828_0028_0051_0041_0041.jpg 1 28 51 41 41
0829_0019_0028_0035_0035.jpg 1 19 28 35 35
0830_0031_0017_0037_0037.jpg 1 31 17 37 37
0831_0038_0025_0041_0041.jpg 1 38 25 41 41
0832_0038_0009_0028_0028.jpg 1 38 9 28 28
0833_0028_0029_0051_0051.jpg 1 28 29 51 51
0834_0012_0005_0067_0067.jpg 1 12 5 67 67
0835_0019_0013_0069_0069.jpg 1 19 13 69 69
0836_0016_0030_0030_0030.jpg 1 16 30 30 30
0837_0038_0027_0042_0042.jpg 1 38 27 42 42
0838_0021_0034_0035_0035.jpg 1 21 34 35 35
0839_0036_0015_0039_0039.jpg 1 36 15 39 39
0840_0017_0025_0055_0055.jpg 1 17 25 55 55
0841_0024_0010_0060_0060.jpg 1 24 10 60 60
0842_0025_0024_0049_0049.jpg 1 25 24 49 49
0843_0051_0006_0042_0042.jpg 1 51 6 42 42
0844_0029_0041_0039_0039.jpg 1 29 41 39 39
0845_0063_0053_0026_0026.jpg 1 63 53 26 26
0846_0064_0032_0025_0025.jpg 1 64 32 25 25
0847_0021_0016_0033_0033.jpg 1 21 16 33 33
0848_0007_0022_0063_0063.jpg 1 7 22 63 63
0849_0032_0032_0048_0048.jpg 1 32 32 48 48
0850_0050_0030_0036_0036.jpg 1 50 30 36 36
0851_0026_0016_0051_0051.jpg 1 26 16 51 51
0852_0044_0025_0031_0031.jpg 1 44 25 31 31
0853_0024_0018_0039_0039.jpg 1 24 18 39 39
0854_0032_0065_0026_0026.jpg 1 32 65 26 26
0855_0043_0026_0037_0037.jpg 1 43 26 37 37
0856_0017_0023_0063_0063.jpg 1 17 23 63 63
0857_0016_0016_0026_0026.jpg 1 16 16 26 26
0858_0027_0031_0064_0064.jpg 1 27 31 64 64
0859_0017_0008_0058_0058.jpg 1 17 8 58 58
0860_0056_0037_0025_0025.jpg 1 56 37 25 25
0861_0008_0007_0058_0058.jpg 1 8 7 58 58
0862_0021_0014_0041_0041.jpg 1 21 14 41 41
0863_0007_0029_0057_0057.jpg 1 7 29 57 57
0864_0039_0035_0036_0036.jpg 1 39 35 36 36
0865_0033_0034_0054_0054.jpg 1 33 34 54 54
0866_0053_0048_0036_0036.jpg 1 53 48 36 36
0867_0013_0036_0052_0052.jpg 1 13 36 52 52
0868_0033_0020_0062_0062.jpg 1 33 20 62 62
0869_0031_0041_0044_0044.jpg 1 31 41 44 44
0870_0052_0048_0032_0032.jpg 1 52 48 32 32
0871_0026_0022_0036_0036.jpg 1 26 22 36 36
0872_0040_0008_0054_0054.jpg 1 40 8 54 54
0873_0051_0065_0024_0024.jpg 1 51 65 24 24
0874_0018_0026_0052_0052.jpg 1 18 26 52 52
0875_0004_0027_0068_0068.jpg 1 4 27 68 68
0876_0013_0030_0045_0045.jpg 1 13 30 45 45
0877_0025_0010_0056_0056.jpg 1 25 10 56 56
0878_0030_0027_0033_0033.jpg 1 30 27 33 33
0879_0027_0027_0045_0045.jpg 1 27 27 45 45
0880_0037_0006_0033_0033.jpg 1 37 6 33 33
0881_0024_0012_0066_0066.jpg 1 24 12 66 66
0882_0043_0022_0043_0043.jpg 1 43 22 43 43
0883_0020_0026_0062_0062.jpg 1 20 26 62 62
0884_0014_0016_0061_0061.jpg 1 14 16 61 61
0885_0031_0024_0052_0052.jpg 1 31 24 52 52
0886_0025_0025_0053_0053.jpg 1 25 25 53 53
0887_0050_0013_0029_0029.jpg 1 50 13 29 29
0888_0025_0015_0042_0042.jpg 1 25 15 42 42
0889_0056_0046_0032_0032.jpg 1 56 46 32 32
0890_0008_0030_0027_0027.jpg 1 8 30 27 27
0891_0024_0028_0036_0036.jpg 1 24 28 36 36
0892_0033_0030_0058_0058.jpg 1 33 30 58 58
0893_0009_0017_0030_0030.jpg 1 9 17 30 30
0894_0013_0023_0048_0048.jpg 1 13 23 48 48
0895_0025_0057_0033_0033.jpg 1 25 57 33 33
0896_0033_0006_0050_0050.jpg 1 33 6 50 50
0897_0027_0027_0063_0063.jpg 1 27 27 63 63
0898_0047_0020_0039_0039.jpg 1 47 20 39 39
0899_0022_0006_0065_0065.jpg 1 22 6 65 65
0900_0032_0027_0057_0057.jpg 1 32 27 57 57
0901_0021_0028_0030_0030.jpg 1 21 28 30 30
0902_0006_0028_0055_0055.jpg 1 6 28 55 55
0903_0003_0023_0069_0069.jpg 1 3 23 69 69
0904_0028_0024_0025_0025.jpg 1 28 24 25 25
0905_0025_0039_0045_0045.jpg 1 25 39 45 45
0906_0022_0034_0058_0058.jpg 1 22 34 58 58
0907_0025_0033_0028_0028.jpg 1 25 33 28 28
0908_0055_0055_0024_0024.jpg 1 55 55 24 24
0909_0036_0008_0044_0044.jpg 1 36 8 44 44
0910_0057_0013_0029_0029.jpg 1 57 13 29 29
0911_0021_0043_0048_0048.jpg 1 21 43 48 48
0912_0006_0039_0042_0042.jpg 1 6 39 42 42
0913_0025_0031_0051_0051.jpg 1 25 31 51 51
0914_0028_0044_0049_0049.jpg 1 28 44 49 49
0915_0053_0008_0034_0034.jpg 1 53 8 34 34
0916_0051_0006_0038_0038.jpg 1 51 6 38 38
0917_0009_0053_0027_0027.jpg 1 9 53 27 27
0918_0033_0046_0048_0048.jpg 1 33 46 48 48
0919_0012_0033_0026_0026.jpg 1 12 33 26 26
0920_0034_0005_0061_0061.jpg 1 34 5 61 61
0921_0020_0022_0054_0054.jpg 1 20 22 54 54
0922_0012_0028_0065_0065.jpg 1 12 28 65 65
0923_0035_0006_0055_0055.jpg 1 35 6 55 55
0924_0018_0009_0063_0063.jpg 1 18 9 63 63
0925_0017_0011_0038_0038.jpg 1 17 11 38 38
0926_0037_0018_0050_0050.jpg 1 37 18 50 50
0927_0044_0057_0027_0027.jpg 1 44 57 27 27
0928_0040_0022_0054_0054.jpg 1 40 22 54 54
0929_0036_0026_0043_0043.jpg 1 36 26 43 43
0930_0007_0024_0037_0037.jpg 1 7 24 37 37
0931_0052_0027_0031_0031.jpg 1 52 27 31 31
0932_0050_0009_0036_0036.jpg 1 50 9 36 36
0933_0012_0040_0043_0043.jpg 1 12 40 43 43
0934_0017_0008_0052_0052.jpg 1 17 8 52 52
0935_0031_0029_0061_0061.jpg 1 31 29 61 61
0936_0033_0030_0057_0057.jpg 1 33 30 57 57
0937_0042_0009_0044_0044.jpg 1 42 9 44 44
0938_0043_0059_0027_0027.jpg 1 43 59 27 27
0939_0014_0020_0055_0055.jpg 1 14 20 55 55
0940_0053_0010_0038_0038.jpg 1 53 10 38 38
0941_0013_0016_0029_0029.jpg 1 13 16 29 29
0942_0055_0043_0030_0030.jpg 1 55 43 30 30
0943_0051_0044_0033_0033.jpg 1 51 44 33 33
0944_0031_0007_0062_0062.jpg 1 31 7 62 62
0945_0033_0018_0061_0061.jpg 1 33 18 61 61
0946_0013_0060_0026_0026.jpg 1 13 60 26 26
0947_0033_0018_0060_0060.jpg 1 33 18 60 60
0948_0026_0017_0056_0056.jpg 1 26 17 56 56
0949_0048_0045_0042_0042.jpg 1 48 45 42 42
0950_0019_0037_0042_0042.jpg 1 19 37 42 42
0951_0047_0051_0038_0038.jpg 1 47 51 38 38
0952_0016_0037_0044_0044.jpg 1 16 37 44 44
0953_0051_0043_0027_0027.jpg 1 51 43 27 27
0954_0027_0029_0056_0056.jpg 1 27 29 56 56
0955_0011_0014_0062_0062.jpg 1 11 14 62 62
0956_0009_0036_0050_0050.jpg 1 9 36 50 50
0957_0017_0020_0055_0055.jpg 1 17 20 55 55
0958_0012_0014_0053_0053.jpg 1 12 14 53 53
0959_0009_0012_0049_0049.jpg 1 9 12 49 49
0960_0057_0013_0034_0034.jpg 1 57 13 34 34
0961_0043_0046_0040_0040.jpg 1 43 46 40 40
0962_0019_0025_0063_0063.jpg 1 19 25 63 63
0963_0008_0017_0066_0066.jpg 1 8 17 66 66
0964_0045_0055_0034_0034.jpg 1 45 55 34 34
0965_0009_0026_0059_0059.jpg 1 9 26 59 59
0966_0040_0006_0050_0050.jpg 1 40 6 50 50
0967_0039_0038_0028_0028.jpg 1 39 38 28 28
0968_0041_0045_0045_0045.jpg 1 41 45 45 45
0969_0019_0008_0061_0061.jpg 1 19 8 61 61
0970_0061_0037_0030_0030.jpg 1 61 37 30 30
0971_0040_0017_0052_0052.jpg 1 40 17 52 52
0972_0015_0014_0069_0069.jpg 1 15 14 69 69
0973_0022_0024_0069_0069.jpg 1 22 24 69 69
0974_0019_0030_0058_0058.jpg 1 19 30 58 58
0975_0003_0013_0069_0069.jpg 1 3 13 69 69
0976_0037_0042_0030_0030.jpg 1 37 42 30 30
0977_0004_0025_0064_0064.jpg 1 4 25 64 64
0978_0055_0064_0027_0027.jpg 1 55 64 27 27
0979_0016_0013_0061_0061.jpg 1 16 13 61 61
0980_0046_0014_0027_0027.jpg 1 46 14 27 27
0981_0052_0016_0024_0024.jpg 1 52 16 24 24
0982_0017_0026_0036_0036.jpg 1 17 26 36 36
0983_0048_0017_0028_0028.jpg 1 48 17 28 28
0984_0019_0009_0068_0068.jpg 1 19 9 68 68
0985_0028_0021_0031_0031.jpg 1 28 21 31 31
0986_0039_0016_0056_0056.jpg 1 39 16 56 56
0987_0011_0016_0043_0043.jpg 1 11 16 43 43
0988_0062_0062_0030_0030.jpg 1 62 62 30 30
0989_0019_0050_0025_0025.jpg 1 19 50 25 25
0990_0056_0066_0025_0025.jpg 1 56 66 25 25
0991_0059_0042_0033_0033.jpg 1 59 42 33 33
0992_0037_0032_0049_0049.jpg 1 37 32 49 49
0993_0049_0039_0045_0045.jpg 1 49 39 45 45
0994_0031_0034_0029_0029.jpg 1 31 34 29 29
0995_0025_0013_0041_0041.jpg 1 25 13 41 41
0996_0037_0008_0045_0045.jpg 1 37 8 45 45
0997_0043_0045_0025_0025.jpg 1 43 45 25 25
0998_0021_0037_0057_0057.jpg 1 21 37 57 57
0999_0015_0024_0025_0025.jpg 1 15 24 25 25
1000_0008_0028_0059_0059.jpg 1 8 28 59 59
1001_0024_0026_0059_0059.jpg 1 24 26 59 59
1002_0014_0014_0069_0069.jpg 1 14 14 69 69
1003_0008_0011_0065_0065.jpg 1 8 11 65 65
1004_0014_0008_0065_0065.jpg 1 14 8 65 65
1005_0058_0025_0026_0026.jpg 1 58 25 26 26
1006_0034_0033_0052_0052.jpg 1 34 33 52 52
1007_0034_0006_0051_0051.jpg 1 34 6 51 51
1008_0044_0042_0042_0042.jpg 1 44 42 42 42
1009_0015_0033_0056_0056.jpg 1 15 33 56 56
1010_0010_0007_0041_0041.jpg 1 10 7 41 41
1011_0030_0018_0038_0038.jpg 1 30 18 38 38
1012_0025_0040_0027_0027.jpg 1 25 40 27 27
1013_0063_0041_0027_0027.jpg 1 63 41 27 27
1014_0022_0032_0052_0052.jpg 1 22 32 52 52
1015_0017_0034_0051_0051.jpg 1 17 34 51 51
1016_0011_0009_0055_0055.jpg 1 11 9 55 55
1017_0019_0025_0047_0047.jpg 1 19 25 47 47
1018_0022_0051_0030_0030.jpg 1 22 51 30 30
1019_0040_0027_0049_0049.jpg 1 40 27 49 49
1020_0007_0027_0049_0049.jpg 1 7 27 49 49
1021_0006_0034_0033_0033.jpg 1 6 34 33 33
1022_0013_0037_0058_0058.jpg 1 13 37 58 58
1023_0027_0012_0047_0047.jpg 1 27 12 47 47
1024_0033_0032_0042_0042.jpg 1 33 32 42 42
1025_0024_0029_0030_0030.jpg 1 24 29 30 30
1026_0032_0029_0050_0050.jpg 1 32 29 50 50
1027_0011_0006_0058_0058.jpg 1 11 6 58 58
1028_0021_0008_0055_0055.jpg 1 21 8 55 55
1029_0041_0051_0036_0036.jpg 1 41 51 36 36
1030_0053_0023_0028_0028.jpg 1 53 23 28 28
1031_0007_0042_0048_0048.jpg 1 7 42 48 48
1032_0013_0006_0056_0056.jpg 1 13 6 56 56
1033_0008_0021_0038_0038.jpg 1 8 21 38 38
1034_0025_0031_0051_0051.jpg 1 25 31 51 51
1035_0059_0047_0034_0034.jpg 1 59 47 34 34
1036_0010_0056_0029_0029.jpg 1 10 56 29 29
1037_0019_0025_0057_0057.jpg 1 19 25 57 57
1038_0007_0040_0028_0028.jpg 1 7 40 28 28
1039_0012_0027_0062_0062.jpg 1 12 27 62 62
1040_0034_0052_0024_0024.jpg 1 34 52 24 24
1041_0017_0019_0069_0069.jpg 1 17 19 69 69
1042_0021_0032_0058_0058.jpg 1 21 32 58 58
1043_0027_0003_0068_0068.jpg 1 27 3 68 68
1044_0036_0031_0044_0044.jpg 1 36 31 44 44
1045_0045_0038_0046_0046.jpg 1 45 38 46 46
1046_0032_0012_0039_0039.jpg 1 32 12 39 39
1047_0019_0060_0025_0025.jpg 1 19 60 25 25
1048_0030_0030_0049_0049.jpg 1 30 30 49 49
1049_0027_0021_0036_0036.jpg 1 27 21 36 36
1050_0033_0022_0033_0033.jpg 1 33 22 33 33
1051_0008_0023_0062_0062.jpg 1 8 23 62 62
1052_0038_0039_0046_0046.jpg 1 38 39 46 46
1053_0009_0019_0050_0050.jpg 1 9 19 50 50
1054_0052_0032_0036_0036.jpg 1 52 32 36 36
1055_0021_0028_0053_0053.jpg 1 21 28 53 53
1056_0020_0029_0065_0065.jpg 1 20 29 65 65
1057_0054_0026_0031_0031.jpg 1 54 26 31 31
1058_0021_0018_0040_0040.jpg 1 21 18 40 40
1059_0019_0005_0069_0069.jpg 1 19 5 69 69
1060_0042_0051_0032_0032.jpg 1 42 51 32 32
1061_0023_0023_0068_0068.jpg 1 23 23 68 68
1062_0030_0007_0048_0048.jpg 1 30 7 48 48
1063_0012_0005_0060_0060.jpg 1 12 5 60 60
1064_0020_0012_0028_0028.jpg 1 20 12 28 28
1065_0043_0030_0024_0024.jpg 1 43 30 24 24
1066_0043_0036_0030_0030.jpg 1 43 36 30 30
1067_0044_0044_0027_0027.jpg 1 44 44 27 27
1068_0037_0025_0032_0032.jpg 1 37 25 32 32
1069_0038_0004_0057_0057.jpg 1 38 4 57 57
1070_0031_0034_0048_0048.jpg 1 31 34 48 48
1071_0016_0020_0057_0057.jpg 1 16 20 57 57
1072_0013_0030_0061_0061.jpg 1 13 30 61 61
1073_0011_0005_0063_0063.jpg 1 11 5 63 63
1074_0014_0013_0053_0053.jpg 1 14 13 53 53
1075_0016_0027_0065_0065.jpg 1 16 27 65 65
1076_0018_0007_0065_0065.jpg 1 18 7 65 65
1077_0033_0011_0056_0056.jpg 1 33 11 56 56
1078_0034_0033_0029_0029.jpg 1 34 33 29 29
1079_0008_0012_0034_0034.jpg 1 8 12 34 34
1080_0020_0024_0045_0045.jpg 1 20 24 45 45
1081_0044_0039_0039_0039.jpg 1 44 39 39 39
1082_0031_0034_0032_0032.jpg 1 31 34 32 32
1083_0012_0036_0027_0027.jpg 1 12 36 27 27
1084_0016_0065_0025_0025.jpg 1 16 65 25 25
1085_0021_0014_0062_0062.jpg 1 21 14 62 62
1086_0022_0036_0046_0046.jpg 1 22 36 46 46
1087_0047_0017_0041_0041.jpg 1 47 17 41 41
1088_0023_0042_0024_0024.jpg 1 23 42 24 24
1089_0010_0025_0062_0062.jpg 1 10 25 62 62
1090_0035_0021_0052_0052.jpg 1 35 21 52 52
1091_0024_0019_0063_0063.jpg 1 24 19 63 63
1092_0043_0021_0048_0048.jpg 1 43 21 48 48
1093_0051_0027_0031_0031.jpg 1 51 27 31 31
1094_0013_0008_0068_0068.jpg 1 13 8 68 68
1095_0015_0018_0068_0068.jpg 1 15 18 68 68
1096_0023_0013_0060_0060.jpg 1 23 13 60 60
1097_0008_0020_0057_0057.jpg 1 8 20 57 57
1098_0026_0026_0069_0069.jpg 1 26 26 69 69
1099_0037_0030_0058_0058.jpg 1 37 30 58 58
1100_0031_0028_0039_0039.jpg 1 31 28 39 39
1101_0030_0039_0052_0052.jpg 1 30 39 52 52
1102_0024_0028_0067_0067.jpg 1 24 28 67 67
1103_0024_0021_0066_0066.jpg 1 24 21 66 66
1104_0038_0040_0055_0055.jpg 1 38 40 55 55
1105_0007_0035_0056_0056.jpg 1 7 35 56 56
1106_0046_0011_0028_0028.jpg 1 46 11 28 28
1107_0013_0028_0068_0068.jpg 1 13 28 68 68
1108_0018_0011_0065_0065.jpg 1 18 11 65 65
1109_0011_0021_0045_0045.jpg 1 11 21 45 45
1110_0041_0022_0037_0037.jpg 1 41 22 37 37
1111_0019_0021_0038_0038.jpg 1 19 21 38 38
1112_0004_0020_0060_0060.jpg 1 4 20 60 60
1113_0039_0040_0050_0050.jpg 1 39 40 50 50
1114_0051_0043_0029_0029.jpg 1 51 43 29 29
1115_0021_0017_0053_0053.jpg 1 21 17 53 53
1116_0048_0038_0033_0033.jpg 1 48 38 33 33
1117_0008_0036_0035_0035.jpg 1 8 36 35 35
1118_0032_0021_0059_0059.jpg 1 32 21 59 59
1119_0009_0016_0059_0059.jpg 1 9 16 59 59
1120_0009_0004_0055_0055.jpg 1 9 4 55 55
1121_0028_0041_0039_0039.jpg 1 28 41 39 39
1122_0026_0019_0047_0047.jpg 1 26 19 47 47
1123_0020_0016_0065_0065.jpg 1 20 16 65 65
1124_0055_0025_0034_0034.jpg 1 55 25 34 34
1125_0041_0013_0043_0043.jpg 1 41 13 43 43
1126_0027_0039_0031_0031.jpg 1 27 39 31 31
1127_0010_0010_0028_0028.jpg 1 10 10 28 28
1128_0023_0022_0039_0039.jpg 1 23 22 39 39
1129_0012_0031_0037_0037.jpg 1 12 31 37 37
1130_0038_0029_0052_0052.jpg 1 38 29 52 52
1131_0013_0006_0046_0046.jpg 1 13 6 46 46
1132_0026_0006_0069_0069.jpg 1 26 6 69 69
1133_0005_0016_0048_0048.jpg 1 5 16 48 48
1134_0031_0014_0045_0045.jpg 1 31 14 45 45
1135_0018_0025_0059_0059.jpg 1 18 25 59 59
1136_0025_0016_0053_0053.jpg 1 25 16 53 53
1137_0037_0025_0044_0044.jpg 1 37 25 44 44
1138_0023_0039_0050_0050.jpg 1 23 39 50 50
1139_0036_0042_0040_0040.jpg 1 36 42 40 40
1140_0038_0018_0034_0034.jpg 1 38 18 34 34
1141_0018_0046_0041_0041.jpg 1 18 46 41 41
1142_0035_0022_0042_0042.jpg 1 35 22 42 42
1143_0007_0022_0036_0036.jpg 1 7 22 36 36
1144_0038_0025_0025_0025.jpg 1 38 25 25 25
1145_0016_0026_0058_0058.jpg 1 16 26 58 58
1146_0022_0009_0044_0044.jpg 1 22 9 44 44
1147_0015_0044_0042_0042.jpg 1 15 44 42 42
1148_0036_0061_0026_0026.jpg 1 36 61 26 26
1149_0067_0064_0025_0025.jpg 1 67 64 25 25
1150_0026_0013_0061_0061.jpg 1 26 13 61 61
1151_0008_0056_0025_0025.jpg 1 8 56 25 25
1152_0012_0020_0066_0066.jpg 1 12 20 66 66
1153_0027_0032_0058_0058.jpg 1 27 32 58 58
1154_0008_0017_0044_0044.jpg 1 8 17 44 44
1155_0009_0041_0049_0049.jpg 1 9 41 49 49
1156_0020_0006_0060_0060.jpg 1 20 6 60 60
1157_0016_0006_0055_0055.jpg 1 16 6 55 55
1158_0063_0064_0024_0024.jpg 1 63 64 24 24
1159_0060_0054_0024_0024.jpg 1 60 54 24 24
1160_0017_0018_0053_0053.jpg 1 17 18 53 53
1161_0046_0048_0031_0031.jpg 1 46 48 31 31
1162_0025_0060_0031_0031.jpg 1 25 60 31 31
1163_0025_0007_0066_0066.jpg 1 25 7 66 66
1164_0024_0035_0056_0056.jpg 1 24 35 56 56
1165_0042_0027_0045_0045.jpg 1 42 27 45 45
1166_0028_0015_0034_0034.jpg 1 28 15 34 34
1167_0045_0059_0029_0029.jpg 1 45 59 29 29
1168_0018_0025_0042_0042.jpg 1 18 25 42 42
1169_0024_0018_0024_0024.jpg 1 24 18 24 24
1170_0008_0031_0043_0043.jpg 1 8 31 43 43
1171_0034_0007_0060_0060.jpg 1 34 7 60 60
1172_0043_0039_0038_0038.jpg 1 43 39 38 38
1173_0021_0025_0038_0038.jpg 1 21 25 38 38
1174_0043_0032_0027_0027.jpg 1 43 32 27 27
1175_0007_0050_0038_0038.jpg 1 7 50 38 38
1176_0025_0015_0035_0035.jpg 1 25 15 35 35
1177_0043_0042_0046_0046.jpg 1 43 42 46 46
1178_0019_0012_0045_0045.jpg 1 19 12 45 45
1179_0010_0011_0034_0034.jpg 1 10 11 34 34
1180_0009_0022_0036_0036.jpg 1 9 22 36 36
1181_0032_0049_0043_0043.jpg 1 32 49 43 43
1182_0010_0028_0054_0054.jpg 1 10 28 54 54
1183_0040_0043_0048_0048.jpg 1 40 43 48 48
1184_0009_0029_0051_0051.jpg 1 9 29 51 51
1185_0035_0024_0057_0057.jpg 1 35 24 57 57
1186_0039_0044_0025_0025.jpg 1 39 44 25 25
1187_0034_0028_0039_0039.jpg 1 34 28 39 39
1188_0016_0021_0031_0031.jpg 1 16 21 31 31
1189_0006_0027_0052_0052.jpg 1 6 27 52 52
1190_0012_0008_0058_0058.jpg 1 12 8 58 58
1191_0015_0004_0068_0068.jpg 1 15 4 68 68
1192_0011_0005_0067_0067.jpg 1 11 5 67 67
1193_0009_0022_0049_0049.jpg 1 9 22 49 49
1194_0055_0009_0032_0032.jpg 1 55 9 32 32
1195_0044_0040_0044_0044.jpg 1 44 40 44 44
1196_0029_0013_0064_0064.jpg 1 29 13 64 64
1197_0029_0026_0040_0040.jpg 1 29 26 40 40
1198_0027_0013_0050_0050.jpg 1 27 13 50 50
1199_0026_0017_0049_0049.jpg 1 26 17 49 49
1200_0030_0058_0031_0031.jpg 1 30 58 31 31
1201_0043_0027_0026_0026.jpg 1 43 27 26 26
1202_0007_0022_0065_0065.jpg 1 7 22 65 65
1203_0013_0004_0069_0069.jpg 1 13 4 69 69
1204_0010_0005_0069_0069.jpg 1 10 5 69 69
1205_0022_0028_0056_0056.jpg 1 22 28 56 56
1206_0024_0026_0062_0062.jpg 1 24 26 62 62
1207_0034_0017_0044_0044.jpg 1 34 17 44 44
1208_0026_0010_0055_0055.jpg 1 26 10 55 55
1209_0043_0013_0043_0043.jpg 1 43 13 43 43
1210_0006_0010_0065_0065.jpg 1 6 10 65 65
1211_0007_0011_0035_0035.jpg 1 7 11 35 35
1212_0032_0010_0031_0031.jpg 1 32 10 31 31
1213_0023_0022_0051_0051.jpg 1 23 22 51 51
1214_0023_0032_0058_0058.jpg 1 23 32 58 58
1215_0031_0006_0047_0047.jpg 1 31 6 47 47
1216_0040_0020_0049_0049.jpg 1 40 20 49 49
1217_0009_0053_0029_0029.jpg 1 9 53 29 29
1218_0048_0025_0032_0032.jpg 1 48 25 32 32
1219_0016_0025_0053_0053.jpg 1 16 25 53 53
1220_0042_0034_0026_0026.jpg 1 42 34 26 26
1221_0021_0004_0065_0065.jpg 1 21 4 65 65
1222_0047_0057_0034_0034.jpg 1 47 57 34 34
1223_0049_0009_0028_0028.jpg 1 49 9 28 28
1224_0020_0036_0057_0057.jpg 1 20 36 57 57
1225_0038_0025_0042_0042.jpg 1 38 25 42 42
1226_0045_0009_0048_0048.jpg 1 45 9 48 48
1227_0055_0034_0031_0031.jpg 1 55 34 31 31
1228_0028_0043_0045_0045.jpg 1 28 43 45 45
1229_0041_0033_0051_0051.jpg 1 41 33 51 51
1230_0011_0034_0059_0059.jpg 1 11 34 59 59
1231_0019_0019_0057_0057.jpg 1 19 19 57 57
1232_0026_0030_0027_0027.jpg 1 26 30 27 27
1233_0041_0050_0025_0025.jpg 1 41 50 25 25
1234_0047_0027_0038_0038.jpg 1 47 27 38 38
1235_0019_0007_0052_0052.jpg 1 19 7 52 52
1236_0026_0005_0057_0057.jpg 1 26 5 57 57
1237_0017_0066_0025_0025.jpg 1 17 66 25 25
1238_0008_0025_0067_0067.jpg 1 8 25 67 67
1239_0017_0021_0038_0038.jpg 1 17 21 38 38
1240_0005_0003_0069_0069.jpg 1 5 3 69 69
1241_0004_0025_0069_0069.jpg 1 4 25 69 69
1242_0033_0007_0061_0061.jpg 1 33 7 61 61
1243_0036_0010_0038_0038.jpg 1 36 10 38 38
1244_0037_0014_0056_0056.jpg 1 37 14 56 56
1245_0031_0009_0046_0046.jpg 1 31 9 46 46
1246_0041_0026_0049_0049.jpg 1 41 26 49 49
1247_0027_0014_0066_0066.jpg 1 27 14 66 66
1248_0020_0014_0045_0045.jpg 1 20 14 45 45
1249_0031_0020_0048_0048.jpg 1 31 20 48 48
1250_0024_0018_0036_0036.jpg 1 24 18 36 36
1251_0036_0016_0037_0037.jpg 1 36 16 37 37
1252_0032_0025_0064_0064.jpg 1 32 25 64 64
1253_0029_0044_0042_0042.jpg 1 29 44 42 42
1254_0016_0009_0036_0036.jpg 1 16 9 36 36
1255_0015_0005_0045_0045.jpg 1 15 5 45 45
1256_0019_0028_0065_0065.jpg 1 19 28 65 65
1257_0042_0019_0029_0029.jpg 1 42 19 29 29
1258_0018_0032_0031_0031.jpg 1 18 32 31 31
1259_0014_0010_0065_0065.jpg 1 14 10 65 65
1260_0031_0023_0037_0037.jpg 1 31 23 37 37
1261_0022_0037_0038_0038.jpg 1 22 37 38 38
1262_0029_0030_0027_0027.jpg 1 29 30 27 27
1263_0006_0010_0067_0067.jpg 1 6 10 67 67
1264_0014_0009_0047_0047.jpg 1 14 9 47 47
1265_0044_0026_0048_0048.jpg 1 44 26 48 48
1266_0050_0054_0028_0028.jpg 1 50 54 28 28
1267_0026_0031_0057_0057.jpg 1 26 31 57 57
1268_0038_0010_0047_0047.jpg 1 38 10 47 47
1269_0040_0036_0037_0037.jpg 1 40 36 37 37
1270_0017_0026_0039_0039.jpg 1 17 26 39 39
1271_0048_0020_0042_0042.jpg 1 48 20 42 42
1272_0046_0019_0030_0030.jpg 1 46 19 30 30
1273_0039_0033_0048_0048.jpg 1 39 33 48 48
1274_0006_0019_0048_0048.jpg 1 6 19 48 48
1275_0012_0050_0025_0025.jpg 1 12 50 25 25
1276_0046_0038_0047_0047.jpg 1 46 38 47 47
1277_0041_0041_0024_0024.jpg 1 41 41 24 24
1278_0012_0016_0041_0041.jpg 1 12 16 41 41
1279_0054_0049_0032_0032.jpg 1 54 49 32 32
1280_0042_0041_0047_0047.jpg 1 42 41 47 47
1281_0039_0029_0042_0042.jpg 1 39 29 42 42
1282_0036_0007_0037_0037.jpg 1 36 7 37 37
1283_0045_0041_0034_0034.jpg 1 45 41 34 34
1284_0017_0010_0056_0056.jpg 1 17 10 56 56
1285_0017_0018_0062_0062.jpg 1 17 18 62 62
1286_0015_0025_0065_0065.jpg 1 15 25 65 65
1287_0035_0035_0041_0041.jpg 1 35 35 41 41
1288_0047_0060_0031_0031.jpg 1 47 60 31 31
1289_0025_0016_0067_0067.jpg 1 25 16 67 67
1290_0022_0006_0059_0059.jpg 1 22 6 59 59
1291_0016_0037_0057_0057.jpg 1 16 37 57 57
1292_0014_0034_0052_0052.jpg 1 14 34 52 52
1293_0019_0010_0059_0059.jpg 1 19 10 59 59
1294_0015_0029_0050_0050.jpg 1 15 29 50 50
1295_0023_0020_0035_0035.jpg 1 23 20 35 35
1296_0051_0023_0039_0039.jpg 1 51 23 39 39
1297_0032_0011_0048_0048.jpg 1 32 11 48 48
1298_0012_0049_0044_0044.jpg 1 12 49 44 44
1299_0014_0029_0054_0054.jpg 1 14 29 54 54
1300_0003_0009_0069_0069.jpg 1 3 9 69 69
1301_0030_0029_0054_0054.jpg 1 30 29 54 54
1302_0045_0015_0046_0046.jpg 1 45 15 46 46
1303_0034_0019_0034_0034.jpg 1 34 19 34 34
1304_0010_0020_0041_0041.jpg 1 10 20 41 41
1305_0045_0015_0048_0048.jpg 1 45 15 48 48
1306_0012_0014_0061_0061.jpg 1 12 14 61 61
1307_0020_0010_0066_0066.jpg 1 20 10 66 66
1308_0051_0045_0024_0024.jpg 1 51 45 24 24
1309_0009_0026_0069_0069.jpg 1 9 26 69 69
1310_0021_0034_0025_0025.jpg 1 21 34 25 25
1311_0018_0005_0069_0069.jpg 1 18 5 69 69
1312_0051_0053_0040_0040.jpg 1 51 53 40 40
1313_0004_0027_0061_0061.jpg 1 4 27 61 61
1314_0012_0050_0033_0033.jpg 1 12 50 33 33
1315_0024_0024_0047_0047.jpg 1 24 24 47 47
1316_0021_0023_0067_0067.jpg 1 21 23 67 67
1317_0010_0012_0047_0047.jpg 1 10 12 47 47
1318_0017_0012_0065_0065.jpg 1 17 12 65 65
1319_0011_0031_0041_0041.jpg 1 11 31 41 41
1320_0025_0010_0054_0054.jpg 1 25 10 54 54
1321_0050_0015_0037_0037.jpg 1 50 15 37 37
1322_0018_0003_0069_0069.jpg 1 18 3 69 69
1323_0009_0008_0037_0037.jpg 1 9 8 37 37
1324_0045_0006_0048_0048.jpg 1 45 6 48 48
1325_0008_0004_0061_0061.jpg 1 8 4 61 61
1326_0033_0013_0052_0052.jpg 1 33 13 52 52
1327_0034_0027_0046_0046.jpg 1 34 27 46 46
1328_0050_0043_0039_0039.jpg 1 50 43 39 39
1329_0028_0026_0068_0068.jpg 1 28 26 68 68
1330_0019_0033_0043_0043.jpg 1 19 33 43 43
1331_0020_0017_0034_0034.jpg 1 20 17 34 34
1332_0020_0035_0059_0059.jpg 1 20 35 59 59
1333_0007_0033_0055_0055.jpg 1 7 33 55 55
1334_0051_0015_0041_0041.jpg 1 51 15 41 41
1335_0042_0056_0036_0036.jpg 1 42 56 36 36
1336_0052_0016_0041_0041.jpg 1 52 16 41 41
1337_0034_0013_0029_0029.jpg 1 34 13 29 29
1338_0004_0019_0067_0067.jpg 1 4 19 67 67
1339_0005_0023_0062_0062.jpg 1 5 23 62 62
1340_0040_0007_0055_0055.jpg 1 40 7 55 55
1341_0051_0046_0033_0033.jpg 1 51 46 33 33
1342_0034_0008_0054_0054.jpg 1 34 8 54 54
1343_0035_0006_0058_0058.jpg 1 35 6 58 58
1344_0038_0030_0047_0047.jpg 1 38 30 47 47
1345_0007_0009_0069_0069.jpg 1 7 9 69 69
1346_0012_0046_0029_0029.jpg 1 12 46 29 29
1347_0036_0007_0036_0036.jpg 1 36 7 36 36
1348_0038_0039_0033_0033.jpg 1 38 39 33 33
1349_0029_0028_0048_0048.jpg 1 29 28 48 48
1350_0017_0005_0049_0049.jpg 1 17 5 49 49
1351_0025_0038_0041_0041.jpg 1 25 38 41 41
1352_0010_0024_0024_0024.jpg 1 10 24 24 24
1353_0019_0010_0064_0064.jpg 1 19 10 64 64
1354_0063_0033_0027_0027.jpg 1 63 33 27 27
1355_0026_0016_0067_0067.jpg 1 26 16 67 67
1356_0048_0048_0045_0045.jpg 1 48 48 45 45
1357_0033_0007_0061_0061.jpg 1 33 7 61 61
1358_0013_0034_0054_0054.jpg 1 13 34 54 54
1359_0017_0012_0029_0029.jpg 1 17 12 29 29
1360_0033_0044_0027_0027.jpg 1 33 44 27 27
1361_0029_0050_0028_0028.jpg 1 29 50 28 28
1362_0005_0019_0041_0041.jpg 1 5 19 41 41
1363_0018_0019_0063_0063.jpg 1 18 19 63 63
1364_0018_0041_0025_0025.jpg 1 18 41 25 25
1365_0021_0007_0069_0069.jpg 1 21 7 69 69
1366_0006_0014_0056_0056.jpg 1 6 14 56 56
1367_0009_0059_0032_0032.jpg 1 9 59 32 32
1368_0008_0023_0052_0052.jpg 1 8 23 52 52
1369_0054_0044_0034_0034.jpg 1 54 44 34 34
1370_0029_0012_0049_0049.jpg 1 29 12 49 49
1371_0029_0004_0063_0063.jpg 1 29 4 63 63
1372_0010_0024_0029_0029.jpg 1 10 24 29 29
1373_0047_0052_0034_0034.jpg 1 47 52 34 34
1374_0030_0007_0057_0057.jpg 1 30 7 57 57
1375_0023_0010_0054_0054.jpg 1 23 10 54 54
1376_0031_0035_0026_0026.jpg 1 31 35 26 26
1377_0010_0024_0047_0047.jpg 1 10 24 47 47
1378_0008_0028_0043_0043.jpg 1 8 28 43 43
1379_0045_0061_0031_0031.jpg 1 45 61 31 31
1380_0046_0021_0042_0042.jpg 1 46 21 42 42
1381_0048_0048_0028_0028.jpg 1 48 48 28 28
1382_0019_0036_0049_0049.jpg 1 19 36 49 49
1383_0050_0042_0034_0034.jpg 1 50 42 34 34
1384_0036_0031_0037_0037.jpg 1 36 31 37 37
1385_0014_0026_0047_0047.jpg 1 14 26 47 47
1386_0044_0041_0036_0036.jpg 1 44 41 36 36
1387_0004_0022_0064_0064.jpg 1 4 22 64 64
1388_0017_0012_0061_0061.jpg 1 17 12 61 61
1389_0037_0033_0052_0052.jpg 1 37 33 52 52
1390_0026_0029_0051_0051.jpg 1 26 29 51 51
1391_0039_0064_0027_0027.jpg 1 39 64 27 27
1392_0056_0014_0029_0029.jpg 1 56 14 29 29
1393_0024_0043_0047_0047.jpg 1 24 43 47 47
1394_0036_0040_0046_0046.jpg 1 36 40 46 46
1395_0052_0013_0041_0041.jpg 1 52 13 41 41
1396_0020_0008_0061_0061.jpg 1 20 8 61 61
1397_0005_0027_0068_0068.jpg 1 5 27 68 68
1398_0067_0037_0024_0024.jpg 1 67 37 24 24
1399_0025_0039_0028_0028.jpg 1 25 39 28 28
1400_0044_0041_0045_0045.jpg 1 44 41 45 45
1401_0021_0017_0069_0069.jpg 1 21 17 69 69
1402_0009_0025_0065_0065.jpg 1 9 25 65 65
1403_0030_0020_0054_0054.jpg 1 30 20 54 54
1404_0017_0021_0027_0027.jpg 1 17 21 27 27
1405_0008_0024_0069_0069.jpg 1 8 24 69 69
1406_0010_0032_0051_0051.jpg 1 10 32 51 51
1407_0007_0024_0037_0037.jpg 1 7 24 37 37
1408_0012_0035_0055_0055.jpg 1 12 35 55 55
1409_0025_0017_0066_0066.jpg 1 25 17 66 66
1410_0014_0030_0044_0044.jpg 1 14 30 44 44
1411_0013_0013_0059_0059.jpg 1 13 13 59 59
1412_0043_0018_0050_0050.jpg 1 43 18 50 50
1413_0025_0054_0034_0034.jpg 1 25 54 34 34
1414_0020_0020_0066_0066.jpg 1 20 20 66 66
1415_0035_0029_0038_0038.jpg 1 35 29 38 38
1416_0012_0016_0041_0041.jpg 1 12 16 41 41
1417_0026_0015_0043_0043.jpg 1 26 15 43 43
1418_0012_0010_0052_0052.jpg 1 12 10 52 52
1419_0023_0036_0053_0053.jpg 1 23 36 53 53
1420_0032_0015_0060_0060.jpg 1 32 15 60 60
1421_0027_0049_0041_0041.jpg 1 27 49 41 41
1422_0047_0029_0046_0046.jpg 1 47 29 46 46
1423_0027_0041_0042_0042.jpg 1 27 41 42 42
1424_0028_0006_0061_0061.jpg 1 28 6 61 61
1425_0030_0011_0057_0057.jpg 1 30 11 57 57
1426_0035_0020_0031_0031.jpg 1 35 20 31 31
1427_0027_0046_0024_0024.jpg 1 27 46 24 24
1428_0039_0035_0055_0055.jpg 1 39 35 55 55
1429_0046_0058_0035_0035.jpg 1 46 58 35 35
1430_0012_0008_0044_0044.jpg 1 12 8 44 44
1431_0030_0011_0055_0055.jpg 1 30 11 55 55
1432_0049_0026_0024_0024.jpg 1 49 26 24 24
1433_0022_0016_0063_0063.jpg 1 22 16 63 63
1434_0043_0008_0041_0041.jpg 1 43 8 41 41
1435_0028_0008_0039_0039.jpg 1 28 8 39 39
1436_0009_0052_0032_0032.jpg 1 9 52 32 32
1437_0053_0036_0032_0032.jpg 1 53 36 32 32
1438_0023_0023_0063_0063.jpg 1 23 23 63 63
1439_0052_0047_0027_0027.jpg 1 52 47 27 27
1440_0006_0006_0040_0040.jpg 1 6 6 40 40
1441_0016_0017_0060_0060.jpg 1 16 17 60 60
1442_0020_0024_0062_0062.jpg 1 20 24 62 62
1443_0040_0044_0024_0024.jpg 1 40 44 24 24
1444_0034_0011_0025_0025.jpg 1 34 11 25 25
1445_0042_0044_0042_0042.jpg 1 42 44 42 42
1446_0043_0035_0038_0038.jpg 1 43 35 38 38
1447_0026_0008_0055_0055.jpg 1 26 8 55 55
1448_0026_0011_0056_0056.jpg 1 26 11 56 56
1449_0009_0021_0044_0044.jpg 1 9 21 44 44
1450_0043_0035_0028_0028.jpg 1 43 35 28 28
1451_0041_0030_0033_0033.jpg 1 41 30 33 33
1452_0018_0026_0064_0064.jpg 1 18 26 64 64
1453_0058_0045_0025_0025.jpg 1 58 45 25 25
1454_0028_0010_0060_0060.jpg 1 28 10 60 60
1455_0019_0036_0041_0041.jpg 1 19 36 41 41
1456_0044_0043_0049_0049.jpg 1 44 43 49 49
1457_0034_0016_0034_0034.jpg 1 34 16 34 34
1458_0020_0039_0032_0032.jpg 1 20 39 32 32
1459_0033_0006_0058_0058.jpg 1 33 6 58 58
1460_0018_0014_0053_0053.jpg 1 18 14 53 53
1461_0016_0004_0064_0064.jpg 1 16 4 64 64
1462_0023_0016_0067_0067.jpg 1 23 16 67 67
1463_0042_0046_0034_0034.jpg 1 42 46 34 34
1464_0042_0056_0033_0033.jpg 1 42 56 33 33
1465_0024_0018_0051_0051.jpg 1 24 18 51 51
1466_0009_0056_0027_0027.jpg 1 9 56 27 27
1467_0009_0044_0048_0048.jpg 1 9 44 48 48
1468_0004_0008_0065_0065.jpg 1 4 8 65 65
1469_0027_0009_0066_0066.jpg 1 27 9 66 66
1470_0023_0034_0050_0050.jpg 1 23 34 50 50
1471_0035_0015_0052_0052.jpg 1 35 15 52 52
1472_0035_0016_0054_0054.jpg 1 35 16 54 54
1473_0049_0051_0039_0039.jpg 1 49 51 39 39
1474_0027_0039_0035_0035.jpg 1 27 39 35 35
1475_0005_0005_0062_0062.jpg 1 5 5 62 62
1476_0008_0019_0051_0051.jpg 1 8 19 51 51
1477_0025_0027_0060_0060.jpg 1 25 27 60 60
1478_0021_0016_0057_0057.jpg 1 21 16 57 57
1479_0026_0033_0030_0030.jpg 1 26 33 30 30
1480_0012_0028_0046_0046.jpg 1 12 28 46 46
1481_0053_0051_0032_0032.jpg 1 53 51 32 32
1482_0016_0039_0034_0034.jpg 1 16 39 34 34
1483_0009_0033_0048_0048.jpg 1 9 33 48 48
1484_0014_0022_0061_0061.jpg 1 14 22 61 61
1485_0030_0046_0041_0041.jpg 1 30 46 41 41
1486_0034_0031_0046_0046.jpg 1 34 31 46 46
1487_0037_0027_0058_0058.jpg 1 37 27 58 58
1488_0012_0011_0050_0050.jpg 1 12 11 50 50
1489_0017_0016_0060_0060.jpg 1 17 16 60 60
1490_0043_0024_0052_0052.jpg 1 43 24 52 52
1491_0043_0007_0029_0029.jpg 1 43 7 29 29
1492_0038_0022_0056_0056.jpg 1 38 22 56 56
1493_0020_0032_0062_0062.jpg 1 20 32 62 62
1494_0011_0025_0030_0030.jpg 1 11 25 30 30
1495_0025_0026_0061_0061.jpg 1 25 26 61 61
1496_0056_0039_0036_0036.jpg 1 56 39 36 36
1497_0047_0058_0032_0032.jpg 1 47 58 32 32
1498_0036_0010_0049_0049.jpg 1 36 10 49 49
1499_0020_0036_0052_0052.jpg 1 20 36 52 52
1500_0041_0038_0035_0035.jpg 1 41 38 35 35
